{"meta": {"format": 3, "version": "7.13.2", "timestamp": "2026-02-04T12:18:58.434543", "branch_coverage": false, "show_contexts": false}, "files": {"src\\__init__.py": {"executed_lines": [5, 6, 7], "summary": {"covered_lines": 3, "num_statements": 3, "percent_covered": 100.0, "percent_covered_display": "100", "missing_lines": 0, "excluded_lines": 0, "percent_statements_covered": 100.0, "percent_statements_covered_display": "100"}, "missing_lines": [], "excluded_lines": [], "functions": {"": {"executed_lines": [5, 6, 7], "summary": {"covered_lines": 3, "num_statements": 3, "percent_covered": 100.0, "percent_covered_display": "100", "missing_lines": 0, "excluded_lines": 0, "percent_statements_covered": 100.0, "percent_statements_covered_display": "100"}, "missing_lines": [], "excluded_lines": [], "start_line": 1}}, "classes": {"": {"executed_lines": [5, 6, 7], "summary": {"covered_lines": 3, "num_statements": 3, "percent_covered": 100.0, "percent_covered_display": "100", "missing_lines": 0, "excluded_lines": 0, "percent_statements_covered": 100.0, "percent_statements_covered_display": "100"}, "missing_lines": [], "excluded_lines": [], "start_line": 1}}}, "src\\api\\__init__.py": {"executed_lines": [], "summary": {"covered_lines": 0, "num_statements": 0, "percent_covered": 100.0, "percent_covered_display": "100", "missing_lines": 0, "excluded_lines": 0, "percent_statements_covered": 100.0, "percent_statements_covered_display": "100"}, "missing_lines": [], "excluded_lines": [], "functions": {"": {"executed_lines": [], "summary": {"covered_lines": 0, "num_statements": 0, "percent_covered": 100.0, "percent_covered_display": "100", "missing_lines": 0, "excluded_lines": 0, "percent_statements_covered": 100.0, "percent_statements_covered_display": "100"}, "missing_lines": [], "excluded_lines": [], "start_line": 1}}, "classes": {"": {"executed_lines": [], "summary": {"covered_lines": 0, "num_statements": 0, "percent_covered": 100.0, "percent_covered_display": "100", "missing_lines": 0, "excluded_lines": 0, "percent_statements_covered": 100.0, "percent_statements_covered_display": "100"}, "missing_lines": [], "excluded_lines": [], "start_line": 1}}}, "src\\api\\app.py": {"executed_lines": [4, 5, 6, 7, 8, 9, 10, 11, 12, 13, 14, 21, 24, 25, 28, 29, 31, 34, 41, 42, 43, 44, 47, 56, 57, 58, 59, 60, 61, 64, 65, 75, 76, 143, 144, 157, 158], "summary": {"covered_lines": 37, "num_statements": 72, "percent_covered": 51.388888888888886, "percent_covered_display": "51", "missing_lines": 35, "excluded_lines": 0, "percent_statements_covered": 51.388888888888886, "percent_statements_covered_display": "51"}, "missing_lines": [67, 86, 93, 94, 95, 96, 97, 98, 99, 104, 105, 109, 110, 111, 117, 118, 119, 120, 121, 122, 123, 128, 129, 133, 134, 135, 140, 146, 149, 150, 151, 152, 153, 154, 160], "excluded_lines": [], "functions": {"root": {"executed_lines": [], "summary": {"covered_lines": 0, "num_statements": 1, "percent_covered": 0.0, "percent_covered_display": "0", "missing_lines": 1, "excluded_lines": 0, "percent_statements_covered": 0.0, "percent_statements_covered_display": "0"}, "missing_lines": [67], "excluded_lines": [], "start_line": 65}, "health_check": {"executed_lines": [], "summary": {"covered_lines": 0, "num_statements": 26, "percent_covered": 0.0, "percent_covered_display": "0", "missing_lines": 26, "excluded_lines": 0, "percent_statements_covered": 0.0, "percent_statements_covered_display": "0"}, "missing_lines": [86, 93, 94, 95, 96, 97, 98, 99, 104, 105, 109, 110, 111, 117, 118, 119, 120, 121, 122, 123, 128, 129, 133, 134, 135, 140], "excluded_lines": [], "start_line": 76}, "startup_event": {"executed_lines": [], "summary": {"covered_lines": 0, "num_statements": 7, "percent_covered": 0.0, "percent_covered_display": "0", "missing_lines": 7, "excluded_lines": 0, "percent_statements_covered": 0.0, "percent_statements_covered_display": "0"}, "missing_lines": [146, 149, 150, 151, 152, 153, 154], "excluded_lines": [], "start_line": 144}, "shutdown_event": {"executed_lines": [], "summary": {"covered_lines": 0, "num_statements": 1, "percent_covered": 0.0, "percent_covered_display": "0", "missing_lines": 1, "excluded_lines": 0, "percent_statements_covered": 0.0, "percent_statements_covered_display": "0"}, "missing_lines": [160], "excluded_lines": [], "start_line": 158}, "": {"executed_lines": [4, 5, 6, 7, 8, 9, 10, 11, 12, 13, 14, 21, 24, 25, 28, 29, 31, 34, 41, 42, 43, 44, 47, 56, 57, 58, 59, 60, 61, 64, 65, 75, 76, 143, 144, 157, 158], "summary": {"covered_lines": 37, "num_statements": 37, "percent_covered": 100.0, "percent_covered_display": "100", "missing_lines": 0, "excluded_lines": 0, "percent_statements_covered": 100.0, "percent_statements_covered_display": "100"}, "missing_lines": [], "excluded_lines": [], "start_line": 1}}, "classes": {"": {"executed_lines": [4, 5, 6, 7, 8, 9, 10, 11, 12, 13, 14, 21, 24, 25, 28, 29, 31, 34, 41, 42, 43, 44, 47, 56, 57, 58, 59, 60, 61, 64, 65, 75, 76, 143, 144, 157, 158], "summary": {"covered_lines": 37, "num_statements": 72, "percent_covered": 51.388888888888886, "percent_covered_display": "51", "missing_lines": 35, "excluded_lines": 0, "percent_statements_covered": 51.388888888888886, "percent_statements_covered_display": "51"}, "missing_lines": [67, 86, 93, 94, 95, 96, 97, 98, 99, 104, 105, 109, 110, 111, 117, 118, 119, 120, 121, 122, 123, 128, 129, 133, 134, 135, 140, 146, 149, 150, 151, 152, 153, 154, 160], "excluded_lines": [], "start_line": 1}}}, "src\\api\\routes\\__init__.py": {"executed_lines": [], "summary": {"covered_lines": 0, "num_statements": 0, "percent_covered": 100.0, "percent_covered_display": "100", "missing_lines": 0, "excluded_lines": 0, "percent_statements_covered": 100.0, "percent_statements_covered_display": "100"}, "missing_lines": [], "excluded_lines": [], "functions": {"": {"executed_lines": [], "summary": {"covered_lines": 0, "num_statements": 0, "percent_covered": 100.0, "percent_covered_display": "100", "missing_lines": 0, "excluded_lines": 0, "percent_statements_covered": 100.0, "percent_statements_covered_display": "100"}, "missing_lines": [], "excluded_lines": [], "start_line": 1}}, "classes": {"": {"executed_lines": [], "summary": {"covered_lines": 0, "num_statements": 0, "percent_covered": 100.0, "percent_covered_display": "100", "missing_lines": 0, "excluded_lines": 0, "percent_statements_covered": 100.0, "percent_statements_covered_display": "100"}, "missing_lines": [], "excluded_lines": [], "start_line": 1}}}, "src\\api\\routes\\analyze.py": {"executed_lines": [4, 5, 6, 7, 8, 10, 11, 12, 13, 14, 15, 18, 19, 21, 23, 26, 28, 30, 33, 35, 36, 37, 40, 42, 45, 47, 48, 49, 50, 51, 54, 56, 59, 60, 99, 100, 122, 123, 145, 146, 170, 171], "summary": {"covered_lines": 42, "num_statements": 107, "percent_covered": 39.25233644859813, "percent_covered_display": "39", "missing_lines": 65, "excluded_lines": 0, "percent_statements_covered": 39.25233644859813, "percent_statements_covered_display": "39"}, "missing_lines": [69, 70, 75, 76, 77, 78, 80, 82, 90, 91, 92, 93, 94, 95, 96, 104, 105, 106, 107, 109, 111, 115, 116, 117, 118, 119, 127, 128, 129, 130, 132, 134, 138, 139, 140, 141, 142, 150, 151, 152, 153, 155, 157, 165, 166, 167, 175, 176, 178, 181, 184, 187, 190, 196, 199, 205, 208, 214, 217, 223, 225, 227, 241, 242, 243], "excluded_lines": [], "functions": {"get_valid_fields": {"executed_lines": [28], "summary": {"covered_lines": 1, "num_statements": 1, "percent_covered": 100.0, "percent_covered_display": "100", "missing_lines": 0, "excluded_lines": 0, "percent_statements_covered": 100.0, "percent_statements_covered_display": "100"}, "missing_lines": [], "excluded_lines": [], "start_line": 26}, "get_distribution": {"executed_lines": [], "summary": {"covered_lines": 0, "num_statements": 15, "percent_covered": 0.0, "percent_covered_display": "0", "missing_lines": 15, "excluded_lines": 0, "percent_statements_covered": 0.0, "percent_statements_covered_display": "0"}, "missing_lines": [69, 70, 75, 76, 77, 78, 80, 82, 90, 91, 92, 93, 94, 95, 96], "excluded_lines": [], "start_line": 60}, "get_combinations": {"executed_lines": [], "summary": {"covered_lines": 0, "num_statements": 11, "percent_covered": 0.0, "percent_covered_display": "0", "missing_lines": 11, "excluded_lines": 0, "percent_statements_covered": 0.0, "percent_statements_covered_display": "0"}, "missing_lines": [104, 105, 106, 107, 109, 111, 115, 116, 117, 118, 119], "excluded_lines": [], "start_line": 100}, "get_region_genre": {"executed_lines": [], "summary": {"covered_lines": 0, "num_statements": 11, "percent_covered": 0.0, "percent_covered_display": "0", "missing_lines": 11, "excluded_lines": 0, "percent_statements_covered": 0.0, "percent_statements_covered_display": "0"}, "missing_lines": [127, 128, 129, 130, 132, 134, 138, 139, 140, 141, 142], "excluded_lines": [], "start_line": 123}, "get_quality": {"executed_lines": [], "summary": {"covered_lines": 0, "num_statements": 9, "percent_covered": 0.0, "percent_covered_display": "0", "missing_lines": 9, "excluded_lines": 0, "percent_statements_covered": 0.0, "percent_statements_covered_display": "0"}, "missing_lines": [150, 151, 152, 153, 155, 157, 165, 166, 167], "excluded_lines": [], "start_line": 146}, "get_overview": {"executed_lines": [], "summary": {"covered_lines": 0, "num_statements": 19, "percent_covered": 0.0, "percent_covered_display": "0", "missing_lines": 19, "excluded_lines": 0, "percent_statements_covered": 0.0, "percent_statements_covered_display": "0"}, "missing_lines": [175, 176, 178, 181, 184, 187, 190, 196, 199, 205, 208, 214, 217, 223, 225, 227, 241, 242, 243], "excluded_lines": [], "start_line": 171}, "": {"executed_lines": [4, 5, 6, 7, 8, 10, 11, 12, 13, 14, 15, 18, 19, 21, 23, 26, 30, 33, 35, 36, 37, 40, 42, 45, 47, 48, 49, 50, 51, 54, 56, 59, 60, 99, 100, 122, 123, 145, 146, 170, 171], "summary": {"covered_lines": 41, "num_statements": 41, "percent_covered": 100.0, "percent_covered_display": "100", "missing_lines": 0, "excluded_lines": 0, "percent_statements_covered": 100.0, "percent_statements_covered_display": "100"}, "missing_lines": [], "excluded_lines": [], "start_line": 1}}, "classes": {"DistributionResponse": {"executed_lines": [], "summary": {"covered_lines": 0, "num_statements": 0, "percent_covered": 100.0, "percent_covered_display": "100", "missing_lines": 0, "excluded_lines": 0, "percent_statements_covered": 100.0, "percent_statements_covered_display": "100"}, "missing_lines": [], "excluded_lines": [], "start_line": 33}, "CombinationResponse": {"executed_lines": [], "summary": {"covered_lines": 0, "num_statements": 0, "percent_covered": 100.0, "percent_covered_display": "100", "missing_lines": 0, "excluded_lines": 0, "percent_statements_covered": 100.0, "percent_statements_covered_display": "100"}, "missing_lines": [], "excluded_lines": [], "start_line": 40}, "QualityResponse": {"executed_lines": [], "summary": {"covered_lines": 0, "num_statements": 0, "percent_covered": 100.0, "percent_covered_display": "100", "missing_lines": 0, "excluded_lines": 0, "percent_statements_covered": 100.0, "percent_statements_covered_display": "100"}, "missing_lines": [], "excluded_lines": [], "start_line": 45}, "RegionGenreResponse": {"executed_lines": [], "summary": {"covered_lines": 0, "num_statements": 0, "percent_covered": 100.0, "percent_covered_display": "100", "missing_lines": 0, "excluded_lines": 0, "percent_statements_covered": 100.0, "percent_statements_covered_display": "100"}, "missing_lines": [], "excluded_lines": [], "start_line": 54}, "": {"executed_lines": [4, 5, 6, 7, 8, 10, 11, 12, 13, 14, 15, 18, 19, 21, 23, 26, 28, 30, 33, 35, 36, 37, 40, 42, 45, 47, 48, 49, 50, 51, 54, 56, 59, 60, 99, 100, 122, 123, 145, 146, 170, 171], "summary": {"covered_lines": 42, "num_statements": 107, "percent_covered": 39.25233644859813, "percent_covered_display": "39", "missing_lines": 65, "excluded_lines": 0, "percent_statements_covered": 39.25233644859813, "percent_statements_covered_display": "39"}, "missing_lines": [69, 70, 75, 76, 77, 78, 80, 82, 90, 91, 92, 93, 94, 95, 96, 104, 105, 106, 107, 109, 111, 115, 116, 117, 118, 119, 127, 128, 129, 130, 132, 134, 138, 139, 140, 141, 142, 150, 151, 152, 153, 155, 157, 165, 166, 167, 175, 176, 178, 181, 184, 187, 190, 196, 199, 205, 208, 214, 217, 223, 225, 227, 241, 242, 243], "excluded_lines": [], "start_line": 1}}}, "src\\api\\routes\\config.py": {"executed_lines": [4, 6, 7, 14, 26, 31, 32, 37, 38, 43, 44, 51, 52, 57, 58, 69, 70, 75, 76, 85, 86], "summary": {"covered_lines": 21, "num_statements": 29, "percent_covered": 72.41379310344827, "percent_covered_display": "72", "missing_lines": 8, "excluded_lines": 0, "percent_statements_covered": 72.41379310344827, "percent_statements_covered_display": "72"}, "missing_lines": [34, 40, 46, 54, 64, 72, 80, 88], "excluded_lines": [], "functions": {"get_api_config_route": {"executed_lines": [], "summary": {"covered_lines": 0, "num_statements": 1, "percent_covered": 0.0, "percent_covered_display": "0", "missing_lines": 1, "excluded_lines": 0, "percent_statements_covered": 0.0, "percent_statements_covered_display": "0"}, "missing_lines": [34], "excluded_lines": [], "start_line": 32}, "update_api_config_route": {"executed_lines": [], "summary": {"covered_lines": 0, "num_statements": 1, "percent_covered": 0.0, "percent_covered_display": "0", "missing_lines": 1, "excluded_lines": 0, "percent_statements_covered": 0.0, "percent_statements_covered_display": "0"}, "missing_lines": [40], "excluded_lines": [], "start_line": 38}, "reset_api_config_route": {"executed_lines": [], "summary": {"covered_lines": 0, "num_statements": 1, "percent_covered": 0.0, "percent_covered_display": "0", "missing_lines": 1, "excluded_lines": 0, "percent_statements_covered": 0.0, "percent_statements_covered_display": "0"}, "missing_lines": [46], "excluded_lines": [], "start_line": 44}, "get_recommend_config_route": {"executed_lines": [], "summary": {"covered_lines": 0, "num_statements": 1, "percent_covered": 0.0, "percent_covered_display": "0", "missing_lines": 1, "excluded_lines": 0, "percent_statements_covered": 0.0, "percent_statements_covered_display": "0"}, "missing_lines": [54], "excluded_lines": [], "start_line": 52}, "update_recommend_config_route": {"executed_lines": [], "summary": {"covered_lines": 0, "num_statements": 1, "percent_covered": 0.0, "percent_covered_display": "0", "missing_lines": 1, "excluded_lines": 0, "percent_statements_covered": 0.0, "percent_statements_covered_display": "0"}, "missing_lines": [64], "excluded_lines": [], "start_line": 58}, "get_tagging_config_route": {"executed_lines": [], "summary": {"covered_lines": 0, "num_statements": 1, "percent_covered": 0.0, "percent_covered_display": "0", "missing_lines": 1, "excluded_lines": 0, "percent_statements_covered": 0.0, "percent_statements_covered_display": "0"}, "missing_lines": [72], "excluded_lines": [], "start_line": 70}, "update_tagging_config_route": {"executed_lines": [], "summary": {"covered_lines": 0, "num_statements": 1, "percent_covered": 0.0, "percent_covered_display": "0", "missing_lines": 1, "excluded_lines": 0, "percent_statements_covered": 0.0, "percent_statements_covered_display": "0"}, "missing_lines": [80], "excluded_lines": [], "start_line": 76}, "get_all_config_route": {"executed_lines": [], "summary": {"covered_lines": 0, "num_statements": 1, "percent_covered": 0.0, "percent_covered_display": "0", "missing_lines": 1, "excluded_lines": 0, "percent_statements_covered": 0.0, "percent_statements_covered_display": "0"}, "missing_lines": [88], "excluded_lines": [], "start_line": 86}, "": {"executed_lines": [4, 6, 7, 14, 26, 31, 32, 37, 38, 43, 44, 51, 52, 57, 58, 69, 70, 75, 76, 85, 86], "summary": {"covered_lines": 21, "num_statements": 21, "percent_covered": 100.0, "percent_covered_display": "100", "missing_lines": 0, "excluded_lines": 0, "percent_statements_covered": 100.0, "percent_statements_covered_display": "100"}, "missing_lines": [], "excluded_lines": [], "start_line": 1}}, "classes": {"": {"executed_lines": [4, 6, 7, 14, 26, 31, 32, 37, 38, 43, 44, 51, 52, 57, 58, 69, 70, 75, 76, 85, 86], "summary": {"covered_lines": 21, "num_statements": 29, "percent_covered": 72.41379310344827, "percent_covered_display": "72", "missing_lines": 8, "excluded_lines": 0, "percent_statements_covered": 72.41379310344827, "percent_statements_covered_display": "72"}, "missing_lines": [34, 40, 46, 54, 64, 72, 80, 88], "excluded_lines": [], "start_line": 1}}}, "src\\api\\routes\\config_api.py": {"executed_lines": [4, 5, 6, 7, 8, 9, 11, 12, 15, 16, 18, 21, 23, 24, 25, 28, 30, 31, 32, 33, 36, 42, 49, 91, 122, 160], "summary": {"covered_lines": 26, "num_statements": 92, "percent_covered": 28.26086956521739, "percent_covered_display": "28", "missing_lines": 66, "excluded_lines": 0, "percent_statements_covered": 28.26086956521739, "percent_statements_covered_display": "28"}, "missing_lines": [38, 39, 44, 45, 46, 57, 60, 61, 62, 63, 66, 67, 70, 71, 72, 73, 74, 75, 76, 77, 78, 79, 81, 83, 84, 87, 88, 97, 98, 100, 102, 109, 111, 117, 118, 119, 132, 134, 137, 138, 141, 142, 145, 146, 148, 150, 155, 156, 157, 166, 167, 169, 170, 175, 176, 179, 180, 181, 182, 184, 187, 189, 191, 195, 196, 197], "excluded_lines": [], "functions": {"get_env_file_path": {"executed_lines": [], "summary": {"covered_lines": 0, "num_statements": 2, "percent_covered": 0.0, "percent_covered_display": "0", "missing_lines": 2, "excluded_lines": 0, "percent_statements_covered": 0.0, "percent_statements_covered_display": "0"}, "missing_lines": [38, 39], "excluded_lines": [], "start_line": 36}, "mask_api_key": {"executed_lines": [], "summary": {"covered_lines": 0, "num_statements": 3, "percent_covered": 0.0, "percent_covered_display": "0", "missing_lines": 3, "excluded_lines": 0, "percent_statements_covered": 0.0, "percent_statements_covered_display": "0"}, "missing_lines": [44, 45, 46], "excluded_lines": [], "start_line": 42}, "update_env_file": {"executed_lines": [], "summary": {"covered_lines": 0, "num_statements": 22, "percent_covered": 0.0, "percent_covered_display": "0", "missing_lines": 22, "excluded_lines": 0, "percent_statements_covered": 0.0, "percent_statements_covered_display": "0"}, "missing_lines": [57, 60, 61, 62, 63, 66, 67, 70, 71, 72, 73, 74, 75, 76, 77, 78, 79, 81, 83, 84, 87, 88], "excluded_lines": [], "start_line": 49}, "get_api_config": {"executed_lines": [], "summary": {"covered_lines": 0, "num_statements": 9, "percent_covered": 0.0, "percent_covered_display": "0", "missing_lines": 9, "excluded_lines": 0, "percent_statements_covered": 0.0, "percent_statements_covered_display": "0"}, "missing_lines": [97, 98, 100, 102, 109, 111, 117, 118, 119], "excluded_lines": [], "start_line": 91}, "update_api_config": {"executed_lines": [], "summary": {"covered_lines": 0, "num_statements": 13, "percent_covered": 0.0, "percent_covered_display": "0", "missing_lines": 13, "excluded_lines": 0, "percent_statements_covered": 0.0, "percent_statements_covered_display": "0"}, "missing_lines": [132, 134, 137, 138, 141, 142, 145, 146, 148, 150, 155, 156, 157], "excluded_lines": [], "start_line": 122}, "reset_api_config": {"executed_lines": [], "summary": {"covered_lines": 0, "num_statements": 17, "percent_covered": 0.0, "percent_covered_display": "0", "missing_lines": 17, "excluded_lines": 0, "percent_statements_covered": 0.0, "percent_statements_covered_display": "0"}, "missing_lines": [166, 167, 169, 170, 175, 176, 179, 180, 181, 182, 184, 187, 189, 191, 195, 196, 197], "excluded_lines": [], "start_line": 160}, "": {"executed_lines": [4, 5, 6, 7, 8, 9, 11, 12, 15, 16, 18, 21, 23, 24, 25, 28, 30, 31, 32, 33, 36, 42, 49, 91, 122, 160], "summary": {"covered_lines": 26, "num_statements": 26, "percent_covered": 100.0, "percent_covered_display": "100", "missing_lines": 0, "excluded_lines": 0, "percent_statements_covered": 100.0, "percent_statements_covered_display": "100"}, "missing_lines": [], "excluded_lines": [], "start_line": 1}}, "classes": {"ApiConfig": {"executed_lines": [], "summary": {"covered_lines": 0, "num_statements": 0, "percent_covered": 100.0, "percent_covered_display": "100", "missing_lines": 0, "excluded_lines": 0, "percent_statements_covered": 100.0, "percent_statements_covered_display": "100"}, "missing_lines": [], "excluded_lines": [], "start_line": 21}, "ApiConfigResponse": {"executed_lines": [], "summary": {"covered_lines": 0, "num_statements": 0, "percent_covered": 100.0, "percent_covered_display": "100", "missing_lines": 0, "excluded_lines": 0, "percent_statements_covered": 100.0, "percent_statements_covered_display": "100"}, "missing_lines": [], "excluded_lines": [], "start_line": 28}, "": {"executed_lines": [4, 5, 6, 7, 8, 9, 11, 12, 15, 16, 18, 21, 23, 24, 25, 28, 30, 31, 32, 33, 36, 42, 49, 91, 122, 160], "summary": {"covered_lines": 26, "num_statements": 92, "percent_covered": 28.26086956521739, "percent_covered_display": "28", "missing_lines": 66, "excluded_lines": 0, "percent_statements_covered": 28.26086956521739, "percent_statements_covered_display": "28"}, "missing_lines": [38, 39, 44, 45, 46, 57, 60, 61, 62, 63, 66, 67, 70, 71, 72, 73, 74, 75, 76, 77, 78, 79, 81, 83, 84, 87, 88, 97, 98, 100, 102, 109, 111, 117, 118, 119, 132, 134, 137, 138, 141, 142, 145, 146, 148, 150, 155, 156, 157, 166, 167, 169, 170, 175, 176, 179, 180, 181, 182, 184, 187, 189, 191, 195, 196, 197], "excluded_lines": [], "start_line": 1}}}, "src\\api\\routes\\config_yaml.py": {"executed_lines": [4, 5, 6, 7, 8, 10, 11, 14, 15, 17, 22, 24, 25, 26, 27, 28, 29, 35, 37, 38, 39, 40, 41, 44, 46, 47, 48, 49, 54, 56, 57, 58, 59, 60, 61, 66, 85, 120, 138, 164], "summary": {"covered_lines": 40, "num_statements": 83, "percent_covered": 48.19277108433735, "percent_covered_display": "48", "missing_lines": 43, "excluded_lines": 0, "percent_statements_covered": 48.19277108433735, "percent_statements_covered_display": "48"}, "missing_lines": [72, 73, 75, 80, 81, 82, 95, 96, 98, 99, 100, 102, 103, 104, 106, 107, 108, 110, 113, 114, 115, 127, 128, 130, 133, 134, 135, 147, 148, 150, 151, 152, 154, 157, 158, 159, 171, 172, 173, 175, 181, 182, 183], "excluded_lines": [], "functions": {"get_recommend_config_api": {"executed_lines": [], "summary": {"covered_lines": 0, "num_statements": 6, "percent_covered": 0.0, "percent_covered_display": "0", "missing_lines": 6, "excluded_lines": 0, "percent_statements_covered": 0.0, "percent_statements_covered_display": "0"}, "missing_lines": [72, 73, 75, 80, 81, 82], "excluded_lines": [], "start_line": 66}, "update_recommend_config_api": {"executed_lines": [], "summary": {"covered_lines": 0, "num_statements": 15, "percent_covered": 0.0, "percent_covered_display": "0", "missing_lines": 15, "excluded_lines": 0, "percent_statements_covered": 0.0, "percent_statements_covered_display": "0"}, "missing_lines": [95, 96, 98, 99, 100, 102, 103, 104, 106, 107, 108, 110, 113, 114, 115], "excluded_lines": [], "start_line": 85}, "get_tagging_config_api": {"executed_lines": [], "summary": {"covered_lines": 0, "num_statements": 6, "percent_covered": 0.0, "percent_covered_display": "0", "missing_lines": 6, "excluded_lines": 0, "percent_statements_covered": 0.0, "percent_statements_covered_display": "0"}, "missing_lines": [127, 128, 130, 133, 134, 135], "excluded_lines": [], "start_line": 120}, "update_tagging_config_api": {"executed_lines": [], "summary": {"covered_lines": 0, "num_statements": 9, "percent_covered": 0.0, "percent_covered_display": "0", "missing_lines": 9, "excluded_lines": 0, "percent_statements_covered": 0.0, "percent_statements_covered_display": "0"}, "missing_lines": [147, 148, 150, 151, 152, 154, 157, 158, 159], "excluded_lines": [], "start_line": 138}, "get_all_config_api": {"executed_lines": [], "summary": {"covered_lines": 0, "num_statements": 7, "percent_covered": 0.0, "percent_covered_display": "0", "missing_lines": 7, "excluded_lines": 0, "percent_statements_covered": 0.0, "percent_statements_covered_display": "0"}, "missing_lines": [171, 172, 173, 175, 181, 182, 183], "excluded_lines": [], "start_line": 164}, "": {"executed_lines": [4, 5, 6, 7, 8, 10, 11, 14, 15, 17, 22, 24, 25, 26, 27, 28, 29, 35, 37, 38, 39, 40, 41, 44, 46, 47, 48, 49, 54, 56, 57, 58, 59, 60, 61, 66, 85, 120, 138, 164], "summary": {"covered_lines": 40, "num_statements": 40, "percent_covered": 100.0, "percent_covered_display": "100", "missing_lines": 0, "excluded_lines": 0, "percent_statements_covered": 100.0, "percent_statements_covered_display": "100"}, "missing_lines": [], "excluded_lines": [], "start_line": 1}}, "classes": {"RecommendConfigRequest": {"executed_lines": [], "summary": {"covered_lines": 0, "num_statements": 0, "percent_covered": 100.0, "percent_covered_display": "100", "missing_lines": 0, "excluded_lines": 0, "percent_statements_covered": 100.0, "percent_statements_covered_display": "100"}, "missing_lines": [], "excluded_lines": [], "start_line": 22}, "UserProfileConfigRequest": {"executed_lines": [], "summary": {"covered_lines": 0, "num_statements": 0, "percent_covered": 100.0, "percent_covered_display": "100", "missing_lines": 0, "excluded_lines": 0, "percent_statements_covered": 100.0, "percent_statements_covered_display": "100"}, "missing_lines": [], "excluded_lines": [], "start_line": 35}, "AlgorithmConfigRequest": {"executed_lines": [], "summary": {"covered_lines": 0, "num_statements": 0, "percent_covered": 100.0, "percent_covered_display": "100", "missing_lines": 0, "excluded_lines": 0, "percent_statements_covered": 100.0, "percent_statements_covered_display": "100"}, "missing_lines": [], "excluded_lines": [], "start_line": 44}, "TaggingApiConfigRequest": {"executed_lines": [], "summary": {"covered_lines": 0, "num_statements": 0, "percent_covered": 100.0, "percent_covered_display": "100", "missing_lines": 0, "excluded_lines": 0, "percent_statements_covered": 100.0, "percent_statements_covered_display": "100"}, "missing_lines": [], "excluded_lines": [], "start_line": 54}, "": {"executed_lines": [4, 5, 6, 7, 8, 10, 11, 14, 15, 17, 22, 24, 25, 26, 27, 28, 29, 35, 37, 38, 39, 40, 41, 44, 46, 47, 48, 49, 54, 56, 57, 58, 59, 60, 61, 66, 85, 120, 138, 164], "summary": {"covered_lines": 40, "num_statements": 83, "percent_covered": 48.19277108433735, "percent_covered_display": "48", "missing_lines": 43, "excluded_lines": 0, "percent_statements_covered": 48.19277108433735, "percent_statements_covered_display": "48"}, "missing_lines": [72, 73, 75, 80, 81, 82, 95, 96, 98, 99, 100, 102, 103, 104, 106, 107, 108, 110, 113, 114, 115, 127, 128, 130, 133, 134, 135, 147, 148, 150, 151, 152, 154, 157, 158, 159, 171, 172, 173, 175, 181, 182, 183], "excluded_lines": [], "start_line": 1}}}, "src\\api\\routes\\logs.py": {"executed_lines": [4, 5, 6, 7, 8, 9, 11, 12, 13, 15, 18, 21, 23, 24, 25, 26, 29, 31, 32, 33, 36, 38, 39, 40, 41, 42, 45, 47, 48, 49, 50, 53, 106, 140, 162, 163, 192, 193, 253, 254], "summary": {"covered_lines": 40, "num_statements": 123, "percent_covered": 32.520325203252035, "percent_covered_display": "33", "missing_lines": 83, "excluded_lines": 0, "percent_statements_covered": 32.520325203252035, "percent_statements_covered_display": "33"}, "missing_lines": [64, 65, 68, 69, 70, 76, 79, 80, 83, 84, 85, 86, 89, 92, 93, 94, 95, 96, 98, 118, 120, 121, 122, 123, 124, 126, 127, 128, 129, 131, 151, 152, 154, 156, 157, 159, 169, 170, 172, 173, 174, 175, 176, 178, 179, 180, 183, 185, 187, 188, 189, 210, 212, 213, 216, 217, 218, 219, 220, 223, 224, 227, 228, 229, 231, 232, 235, 236, 237, 239, 246, 247, 248, 249, 250, 260, 261, 262, 264, 265, 266, 267, 268], "excluded_lines": [], "functions": {"get_log_file_info": {"executed_lines": [], "summary": {"covered_lines": 0, "num_statements": 19, "percent_covered": 0.0, "percent_covered_display": "0", "missing_lines": 19, "excluded_lines": 0, "percent_statements_covered": 0.0, "percent_statements_covered_display": "0"}, "missing_lines": [64, 65, 68, 69, 70, 76, 79, 80, 83, 84, 85, 86, 89, 92, 93, 94, 95, 96, 98], "excluded_lines": [], "start_line": 53}, "parse_log_line": {"executed_lines": [], "summary": {"covered_lines": 0, "num_statements": 11, "percent_covered": 0.0, "percent_covered_display": "0", "missing_lines": 11, "excluded_lines": 0, "percent_statements_covered": 0.0, "percent_statements_covered_display": "0"}, "missing_lines": [118, 120, 121, 122, 123, 124, 126, 127, 128, 129, 131], "excluded_lines": [], "start_line": 106}, "filter_log_by_level": {"executed_lines": [], "summary": {"covered_lines": 0, "num_statements": 6, "percent_covered": 0.0, "percent_covered_display": "0", "missing_lines": 6, "excluded_lines": 0, "percent_statements_covered": 0.0, "percent_statements_covered_display": "0"}, "missing_lines": [151, 152, 154, 156, 157, 159], "excluded_lines": [], "start_line": 140}, "list_logs": {"executed_lines": [], "summary": {"covered_lines": 0, "num_statements": 15, "percent_covered": 0.0, "percent_covered_display": "0", "missing_lines": 15, "excluded_lines": 0, "percent_statements_covered": 0.0, "percent_statements_covered_display": "0"}, "missing_lines": [169, 170, 172, 173, 174, 175, 176, 178, 179, 180, 183, 185, 187, 188, 189], "excluded_lines": [], "start_line": 163}, "get_log_content": {"executed_lines": [], "summary": {"covered_lines": 0, "num_statements": 24, "percent_covered": 0.0, "percent_covered_display": "0", "missing_lines": 24, "excluded_lines": 0, "percent_statements_covered": 0.0, "percent_statements_covered_display": "0"}, "missing_lines": [210, 212, 213, 216, 217, 218, 219, 220, 223, 224, 227, 228, 229, 231, 232, 235, 236, 237, 239, 246, 247, 248, 249, 250], "excluded_lines": [], "start_line": 193}, "get_log_file_info_api": {"executed_lines": [], "summary": {"covered_lines": 0, "num_statements": 8, "percent_covered": 0.0, "percent_covered_display": "0", "missing_lines": 8, "excluded_lines": 0, "percent_statements_covered": 0.0, "percent_statements_covered_display": "0"}, "missing_lines": [260, 261, 262, 264, 265, 266, 267, 268], "excluded_lines": [], "start_line": 254}, "": {"executed_lines": [4, 5, 6, 7, 8, 9, 11, 12, 13, 15, 18, 21, 23, 24, 25, 26, 29, 31, 32, 33, 36, 38, 39, 40, 41, 42, 45, 47, 48, 49, 50, 53, 106, 140, 162, 163, 192, 193, 253, 254], "summary": {"covered_lines": 40, "num_statements": 40, "percent_covered": 100.0, "percent_covered_display": "100", "missing_lines": 0, "excluded_lines": 0, "percent_statements_covered": 100.0, "percent_statements_covered_display": "100"}, "missing_lines": [], "excluded_lines": [], "start_line": 1}}, "classes": {"LogFileInfo": {"executed_lines": [], "summary": {"covered_lines": 0, "num_statements": 0, "percent_covered": 100.0, "percent_covered_display": "100", "missing_lines": 0, "excluded_lines": 0, "percent_statements_covered": 100.0, "percent_statements_covered_display": "100"}, "missing_lines": [], "excluded_lines": [], "start_line": 21}, "LogContentRequest": {"executed_lines": [], "summary": {"covered_lines": 0, "num_statements": 0, "percent_covered": 100.0, "percent_covered_display": "100", "missing_lines": 0, "excluded_lines": 0, "percent_statements_covered": 100.0, "percent_statements_covered_display": "100"}, "missing_lines": [], "excluded_lines": [], "start_line": 29}, "LogLine": {"executed_lines": [], "summary": {"covered_lines": 0, "num_statements": 0, "percent_covered": 100.0, "percent_covered_display": "100", "missing_lines": 0, "excluded_lines": 0, "percent_statements_covered": 100.0, "percent_statements_covered_display": "100"}, "missing_lines": [], "excluded_lines": [], "start_line": 36}, "LogContentResponse": {"executed_lines": [], "summary": {"covered_lines": 0, "num_statements": 0, "percent_covered": 100.0, "percent_covered_display": "100", "missing_lines": 0, "excluded_lines": 0, "percent_statements_covered": 100.0, "percent_statements_covered_display": "100"}, "missing_lines": [], "excluded_lines": [], "start_line": 45}, "": {"executed_lines": [4, 5, 6, 7, 8, 9, 11, 12, 13, 15, 18, 21, 23, 24, 25, 26, 29, 31, 32, 33, 36, 38, 39, 40, 41, 42, 45, 47, 48, 49, 50, 53, 106, 140, 162, 163, 192, 193, 253, 254], "summary": {"covered_lines": 40, "num_statements": 123, "percent_covered": 32.520325203252035, "percent_covered_display": "33", "missing_lines": 83, "excluded_lines": 0, "percent_statements_covered": 32.520325203252035, "percent_statements_covered_display": "33"}, "missing_lines": [64, 65, 68, 69, 70, 76, 79, 80, 83, 84, 85, 86, 89, 92, 93, 94, 95, 96, 98, 118, 120, 121, 122, 123, 124, 126, 127, 128, 129, 131, 151, 152, 154, 156, 157, 159, 169, 170, 172, 173, 174, 175, 176, 178, 179, 180, 183, 185, 187, 188, 189, 210, 212, 213, 216, 217, 218, 219, 220, 223, 224, 227, 228, 229, 231, 232, 235, 236, 237, 239, 246, 247, 248, 249, 250, 260, 261, 262, 264, 265, 266, 267, 268], "excluded_lines": [], "start_line": 1}}}, "src\\api\\routes\\query.py": {"executed_lines": [4, 5, 6, 7, 8, 10, 11, 12, 13, 14, 15, 18, 19, 21, 23, 26, 28, 29, 32, 34, 35, 36, 37, 38, 41, 43, 44, 47, 49, 52, 53, 77, 78, 111, 112, 134, 135, 155, 156, 177, 178, 208, 209], "summary": {"covered_lines": 43, "num_statements": 106, "percent_covered": 40.56603773584906, "percent_covered_display": "41", "missing_lines": 63, "excluded_lines": 0, "percent_statements_covered": 40.56603773584906, "percent_statements_covered_display": "41"}, "missing_lines": [60, 61, 62, 63, 65, 66, 70, 71, 72, 73, 74, 88, 89, 90, 91, 99, 100, 104, 105, 106, 107, 108, 121, 122, 123, 124, 126, 127, 129, 130, 131, 141, 142, 143, 145, 147, 148, 150, 151, 152, 160, 161, 162, 164, 172, 173, 174, 188, 189, 190, 191, 199, 201, 203, 204, 205, 213, 214, 215, 217, 227, 228, 229], "excluded_lines": [], "functions": {"query_by_mood_api": {"executed_lines": [], "summary": {"covered_lines": 0, "num_statements": 11, "percent_covered": 0.0, "percent_covered_display": "0", "missing_lines": 11, "excluded_lines": 0, "percent_statements_covered": 0.0, "percent_statements_covered_display": "0"}, "missing_lines": [60, 61, 62, 63, 65, 66, 70, 71, 72, 73, 74], "excluded_lines": [], "start_line": 53}, "query_by_tags_api": {"executed_lines": [], "summary": {"covered_lines": 0, "num_statements": 11, "percent_covered": 0.0, "percent_covered_display": "0", "missing_lines": 11, "excluded_lines": 0, "percent_statements_covered": 0.0, "percent_statements_covered_display": "0"}, "missing_lines": [88, 89, 90, 91, 99, 100, 104, 105, 106, 107, 108], "excluded_lines": [], "start_line": 78}, "query_scene_api": {"executed_lines": [], "summary": {"covered_lines": 0, "num_statements": 9, "percent_covered": 0.0, "percent_covered_display": "0", "missing_lines": 9, "excluded_lines": 0, "percent_statements_covered": 0.0, "percent_statements_covered_display": "0"}, "missing_lines": [121, 122, 123, 124, 126, 127, 129, 130, 131], "excluded_lines": [], "start_line": 112}, "random_api": {"executed_lines": [], "summary": {"covered_lines": 0, "num_statements": 9, "percent_covered": 0.0, "percent_covered_display": "0", "missing_lines": 9, "excluded_lines": 0, "percent_statements_covered": 0.0, "percent_statements_covered_display": "0"}, "missing_lines": [141, 142, 143, 145, 147, 148, 150, 151, 152], "excluded_lines": [], "start_line": 135}, "get_labels": {"executed_lines": [], "summary": {"covered_lines": 0, "num_statements": 7, "percent_covered": 0.0, "percent_covered_display": "0", "missing_lines": 7, "excluded_lines": 0, "percent_statements_covered": 0.0, "percent_statements_covered_display": "0"}, "missing_lines": [160, 161, 162, 164, 172, 173, 174], "excluded_lines": [], "start_line": 156}, "query_songs": {"executed_lines": [], "summary": {"covered_lines": 0, "num_statements": 9, "percent_covered": 0.0, "percent_covered_display": "0", "missing_lines": 9, "excluded_lines": 0, "percent_statements_covered": 0.0, "percent_statements_covered_display": "0"}, "missing_lines": [188, 189, 190, 191, 199, 201, 203, 204, 205], "excluded_lines": [], "start_line": 178}, "get_query_options": {"executed_lines": [], "summary": {"covered_lines": 0, "num_statements": 7, "percent_covered": 0.0, "percent_covered_display": "0", "missing_lines": 7, "excluded_lines": 0, "percent_statements_covered": 0.0, "percent_statements_covered_display": "0"}, "missing_lines": [213, 214, 215, 217, 227, 228, 229], "excluded_lines": [], "start_line": 209}, "": {"executed_lines": [4, 5, 6, 7, 8, 10, 11, 12, 13, 14, 15, 18, 19, 21, 23, 26, 28, 29, 32, 34, 35, 36, 37, 38, 41, 43, 44, 47, 49, 52, 53, 77, 78, 111, 112, 134, 135, 155, 156, 177, 178, 208, 209], "summary": {"covered_lines": 43, "num_statements": 43, "percent_covered": 100.0, "percent_covered_display": "100", "missing_lines": 0, "excluded_lines": 0, "percent_statements_covered": 100.0, "percent_statements_covered_display": "100"}, "missing_lines": [], "excluded_lines": [], "start_line": 1}}, "classes": {"QueryByMoodRequest": {"executed_lines": [], "summary": {"covered_lines": 0, "num_statements": 0, "percent_covered": 100.0, "percent_covered_display": "100", "missing_lines": 0, "excluded_lines": 0, "percent_statements_covered": 100.0, "percent_statements_covered_display": "100"}, "missing_lines": [], "excluded_lines": [], "start_line": 26}, "QueryByTagsRequest": {"executed_lines": [], "summary": {"covered_lines": 0, "num_statements": 0, "percent_covered": 100.0, "percent_covered_display": "100", "missing_lines": 0, "excluded_lines": 0, "percent_statements_covered": 100.0, "percent_statements_covered_display": "100"}, "missing_lines": [], "excluded_lines": [], "start_line": 32}, "QuerySceneRequest": {"executed_lines": [], "summary": {"covered_lines": 0, "num_statements": 0, "percent_covered": 100.0, "percent_covered_display": "100", "missing_lines": 0, "excluded_lines": 0, "percent_statements_covered": 100.0, "percent_statements_covered_display": "100"}, "missing_lines": [], "excluded_lines": [], "start_line": 41}, "RandomRequest": {"executed_lines": [], "summary": {"covered_lines": 0, "num_statements": 0, "percent_covered": 100.0, "percent_covered_display": "100", "missing_lines": 0, "excluded_lines": 0, "percent_statements_covered": 100.0, "percent_statements_covered_display": "100"}, "missing_lines": [], "excluded_lines": [], "start_line": 47}, "": {"executed_lines": [4, 5, 6, 7, 8, 10, 11, 12, 13, 14, 15, 18, 19, 21, 23, 26, 28, 29, 32, 34, 35, 36, 37, 38, 41, 43, 44, 47, 49, 52, 53, 77, 78, 111, 112, 134, 135, 155, 156, 177, 178, 208, 209], "summary": {"covered_lines": 43, "num_statements": 106, "percent_covered": 40.56603773584906, "percent_covered_display": "41", "missing_lines": 63, "excluded_lines": 0, "percent_statements_covered": 40.56603773584906, "percent_statements_covered_display": "41"}, "missing_lines": [60, 61, 62, 63, 65, 66, 70, 71, 72, 73, 74, 88, 89, 90, 91, 99, 100, 104, 105, 106, 107, 108, 121, 122, 123, 124, 126, 127, 129, 130, 131, 141, 142, 143, 145, 147, 148, 150, 151, 152, 160, 161, 162, 164, 172, 173, 174, 188, 189, 190, 191, 199, 201, 203, 204, 205, 213, 214, 215, 217, 227, 228, 229], "excluded_lines": [], "start_line": 1}}}, "src\\api\\routes\\recommend.py": {"executed_lines": [], "summary": {"covered_lines": 0, "num_statements": 2, "percent_covered": 0.0, "percent_covered_display": "0", "missing_lines": 2, "excluded_lines": 0, "percent_statements_covered": 0.0, "percent_statements_covered_display": "0"}, "missing_lines": [4, 6], "excluded_lines": [], "functions": {"": {"executed_lines": [], "summary": {"covered_lines": 0, "num_statements": 2, "percent_covered": 0.0, "percent_covered_display": "0", "missing_lines": 2, "excluded_lines": 0, "percent_statements_covered": 0.0, "percent_statements_covered_display": "0"}, "missing_lines": [4, 6], "excluded_lines": [], "start_line": 1}}, "classes": {"": {"executed_lines": [], "summary": {"covered_lines": 0, "num_statements": 2, "percent_covered": 0.0, "percent_covered_display": "0", "missing_lines": 2, "excluded_lines": 0, "percent_statements_covered": 0.0, "percent_statements_covered_display": "0"}, "missing_lines": [4, 6], "excluded_lines": [], "start_line": 1}}}, "src\\api\\routes\\recommend\\__init__.py": {"executed_lines": [2, 4], "summary": {"covered_lines": 2, "num_statements": 2, "percent_covered": 100.0, "percent_covered_display": "100", "missing_lines": 0, "excluded_lines": 0, "percent_statements_covered": 100.0, "percent_statements_covered_display": "100"}, "missing_lines": [], "excluded_lines": [], "functions": {"": {"executed_lines": [2, 4], "summary": {"covered_lines": 2, "num_statements": 2, "percent_covered": 100.0, "percent_covered_display": "100", "missing_lines": 0, "excluded_lines": 0, "percent_statements_covered": 100.0, "percent_statements_covered_display": "100"}, "missing_lines": [], "excluded_lines": [], "start_line": 1}}, "classes": {"": {"executed_lines": [2, 4], "summary": {"covered_lines": 2, "num_statements": 2, "percent_covered": 100.0, "percent_covered_display": "100", "missing_lines": 0, "excluded_lines": 0, "percent_statements_covered": 100.0, "percent_statements_covered_display": "100"}, "missing_lines": [], "excluded_lines": [], "start_line": 1}}}, "src\\api\\routes\\recommend\\endpoints.py": {"executed_lines": [4, 5, 6, 7, 8, 9, 10, 12, 13, 14, 15, 16, 17, 18, 19, 20, 23, 24, 26, 28, 31, 32, 41, 42, 43, 46, 47, 50, 53, 54, 62, 69, 71, 79, 81, 82, 88, 89, 93, 94, 95, 96, 98, 100, 112, 113, 120, 121, 122, 125, 126, 127, 128, 129, 137, 140, 141, 142, 145, 146, 147, 148, 149, 151, 153, 163, 164, 168, 169, 170, 173, 174, 175, 176, 185, 186, 189, 190, 199, 202, 204, 205, 208, 209, 210, 211, 213, 214, 215, 216, 217, 219, 220, 221, 222, 223, 224, 225, 226, 229, 230, 231, 232, 239, 241, 261, 262], "summary": {"covered_lines": 107, "num_statements": 215, "percent_covered": 49.76744186046512, "percent_covered_display": "50", "missing_lines": 108, "excluded_lines": 0, "percent_statements_covered": 49.76744186046512, "percent_statements_covered_display": "50"}, "missing_lines": [80, 83, 84, 85, 107, 108, 109, 158, 159, 160, 234, 235, 236, 237, 256, 257, 258, 269, 270, 271, 274, 277, 278, 281, 284, 287, 295, 298, 301, 302, 303, 304, 305, 308, 309, 311, 312, 313, 314, 315, 316, 317, 320, 321, 322, 323, 325, 327, 333, 334, 336, 339, 341, 342, 343, 344, 345, 346, 348, 350, 353, 354, 355, 356, 357, 358, 360, 361, 367, 368, 370, 372, 374, 376, 379, 380, 381, 383, 384, 385, 386, 387, 389, 396, 397, 398, 400, 403, 404, 405, 406, 407, 408, 410, 411, 413, 414, 415, 416, 419, 420, 423, 424, 432, 433, 434, 435, 436], "excluded_lines": [], "functions": {"get_recommendations": {"executed_lines": [41, 42, 43, 46, 47, 50, 53, 54, 62, 69, 71, 79, 81, 82], "summary": {"covered_lines": 14, "num_statements": 18, "percent_covered": 77.77777777777777, "percent_covered_display": "78", "missing_lines": 4, "excluded_lines": 0, "percent_statements_covered": 77.77777777777777, "percent_statements_covered_display": "78"}, "missing_lines": [80, 83, 84, 85], "excluded_lines": [], "start_line": 32}, "list_users": {"executed_lines": [93, 94, 95, 96, 98, 100], "summary": {"covered_lines": 6, "num_statements": 9, "percent_covered": 66.66666666666667, "percent_covered_display": "67", "missing_lines": 3, "excluded_lines": 0, "percent_statements_covered": 66.66666666666667, "percent_statements_covered_display": "67"}, "missing_lines": [107, 108, 109], "excluded_lines": [], "start_line": 89}, "get_recommendations_get": {"executed_lines": [120, 121, 122, 125, 126, 127, 128, 129, 137, 140, 141, 142, 145, 146, 147, 148, 149, 151, 153], "summary": {"covered_lines": 19, "num_statements": 22, "percent_covered": 86.36363636363636, "percent_covered_display": "86", "missing_lines": 3, "excluded_lines": 0, "percent_statements_covered": 86.36363636363636, "percent_statements_covered_display": "86"}, "missing_lines": [158, 159, 160], "excluded_lines": [], "start_line": 113}, "get_user_profile": {"executed_lines": [168, 169, 170, 173, 174, 175, 176, 185, 186, 189, 190, 199, 202, 204, 205, 208, 209, 210, 211, 213, 214, 215, 216, 217, 219, 220, 221, 222, 223, 224, 225, 226, 229, 230, 231, 232, 239, 241], "summary": {"covered_lines": 38, "num_statements": 45, "percent_covered": 84.44444444444444, "percent_covered_display": "84", "missing_lines": 7, "excluded_lines": 0, "percent_statements_covered": 84.44444444444444, "percent_statements_covered_display": "84"}, "missing_lines": [234, 235, 236, 237, 256, 257, 258], "excluded_lines": [], "start_line": 164}, "export_all": {"executed_lines": [], "summary": {"covered_lines": 0, "num_statements": 91, "percent_covered": 0.0, "percent_covered_display": "0", "missing_lines": 91, "excluded_lines": 0, "percent_statements_covered": 0.0, "percent_statements_covered_display": "0"}, "missing_lines": [269, 270, 271, 274, 277, 278, 281, 284, 287, 295, 298, 301, 302, 303, 304, 305, 308, 309, 311, 312, 313, 314, 315, 316, 317, 320, 321, 322, 323, 325, 327, 333, 334, 336, 339, 341, 342, 343, 344, 345, 346, 348, 350, 353, 354, 355, 356, 357, 358, 360, 361, 367, 368, 370, 372, 374, 376, 379, 380, 381, 383, 384, 385, 386, 387, 389, 396, 397, 398, 400, 403, 404, 405, 406, 407, 408, 410, 411, 413, 414, 415, 416, 419, 420, 423, 424, 432, 433, 434, 435, 436], "excluded_lines": [], "start_line": 262}, "": {"executed_lines": [4, 5, 6, 7, 8, 9, 10, 12, 13, 14, 15, 16, 17, 18, 19, 20, 23, 24, 26, 28, 31, 32, 88, 89, 112, 113, 163, 164, 261, 262], "summary": {"covered_lines": 30, "num_statements": 30, "percent_covered": 100.0, "percent_covered_display": "100", "missing_lines": 0, "excluded_lines": 0, "percent_statements_covered": 100.0, "percent_statements_covered_display": "100"}, "missing_lines": [], "excluded_lines": [], "start_line": 1}}, "classes": {"": {"executed_lines": [4, 5, 6, 7, 8, 9, 10, 12, 13, 14, 15, 16, 17, 18, 19, 20, 23, 24, 26, 28, 31, 32, 41, 42, 43, 46, 47, 50, 53, 54, 62, 69, 71, 79, 81, 82, 88, 89, 93, 94, 95, 96, 98, 100, 112, 113, 120, 121, 122, 125, 126, 127, 128, 129, 137, 140, 141, 142, 145, 146, 147, 148, 149, 151, 153, 163, 164, 168, 169, 170, 173, 174, 175, 176, 185, 186, 189, 190, 199, 202, 204, 205, 208, 209, 210, 211, 213, 214, 215, 216, 217, 219, 220, 221, 222, 223, 224, 225, 226, 229, 230, 231, 232, 239, 241, 261, 262], "summary": {"covered_lines": 107, "num_statements": 215, "percent_covered": 49.76744186046512, "percent_covered_display": "50", "missing_lines": 108, "excluded_lines": 0, "percent_statements_covered": 49.76744186046512, "percent_statements_covered_display": "50"}, "missing_lines": [80, 83, 84, 85, 107, 108, 109, 158, 159, 160, 234, 235, 236, 237, 256, 257, 258, 269, 270, 271, 274, 277, 278, 281, 284, 287, 295, 298, 301, 302, 303, 304, 305, 308, 309, 311, 312, 313, 314, 315, 316, 317, 320, 321, 322, 323, 325, 327, 333, 334, 336, 339, 341, 342, 343, 344, 345, 346, 348, 350, 353, 354, 355, 356, 357, 358, 360, 361, 367, 368, 370, 372, 374, 376, 379, 380, 381, 383, 384, 385, 386, 387, 389, 396, 397, 398, 400, 403, 404, 405, 406, 407, 408, 410, 411, 413, 414, 415, 416, 419, 420, 423, 424, 432, 433, 434, 435, 436], "excluded_lines": [], "start_line": 1}}}, "src\\api\\routes\\recommend\\models.py": {"executed_lines": [4, 5, 8, 10, 11, 12, 13, 16, 18, 19, 20], "summary": {"covered_lines": 11, "num_statements": 11, "percent_covered": 100.0, "percent_covered_display": "100", "missing_lines": 0, "excluded_lines": 0, "percent_statements_covered": 100.0, "percent_statements_covered_display": "100"}, "missing_lines": [], "excluded_lines": [], "functions": {"": {"executed_lines": [4, 5, 8, 10, 11, 12, 13, 16, 18, 19, 20], "summary": {"covered_lines": 11, "num_statements": 11, "percent_covered": 100.0, "percent_covered_display": "100", "missing_lines": 0, "excluded_lines": 0, "percent_statements_covered": 100.0, "percent_statements_covered_display": "100"}, "missing_lines": [], "excluded_lines": [], "start_line": 1}}, "classes": {"RecommendRequest": {"executed_lines": [], "summary": {"covered_lines": 0, "num_statements": 0, "percent_covered": 100.0, "percent_covered_display": "100", "missing_lines": 0, "excluded_lines": 0, "percent_statements_covered": 100.0, "percent_statements_covered_display": "100"}, "missing_lines": [], "excluded_lines": [], "start_line": 8}, "RecommendResponse": {"executed_lines": [], "summary": {"covered_lines": 0, "num_statements": 0, "percent_covered": 100.0, "percent_covered_display": "100", "missing_lines": 0, "excluded_lines": 0, "percent_statements_covered": 100.0, "percent_statements_covered_display": "100"}, "missing_lines": [], "excluded_lines": [], "start_line": 16}, "": {"executed_lines": [4, 5, 8, 10, 11, 12, 13, 16, 18, 19, 20], "summary": {"covered_lines": 11, "num_statements": 11, "percent_covered": 100.0, "percent_covered_display": "100", "missing_lines": 0, "excluded_lines": 0, "percent_statements_covered": 100.0, "percent_statements_covered_display": "100"}, "missing_lines": [], "excluded_lines": [], "start_line": 1}}}, "src\\api\\routes\\recommend\\utils.py": {"executed_lines": [5, 6, 7, 10, 29, 31, 32, 33, 37, 39, 41, 42, 43, 44, 47, 54, 55, 60, 63, 80, 81], "summary": {"covered_lines": 21, "num_statements": 22, "percent_covered": 95.45454545454545, "percent_covered_display": "95", "missing_lines": 1, "excluded_lines": 0, "percent_statements_covered": 95.45454545454545, "percent_statements_covered_display": "95"}, "missing_lines": [56], "excluded_lines": [], "functions": {"find_user_by_id_or_username": {"executed_lines": [29, 31, 32, 33, 37, 39, 41, 42, 43, 44, 47, 54, 55, 60], "summary": {"covered_lines": 14, "num_statements": 15, "percent_covered": 93.33333333333333, "percent_covered_display": "93", "missing_lines": 1, "excluded_lines": 0, "percent_statements_covered": 93.33333333333333, "percent_statements_covered_display": "93"}, "missing_lines": [56], "excluded_lines": [], "start_line": 10}, "find_user_id_by_username": {"executed_lines": [80, 81], "summary": {"covered_lines": 2, "num_statements": 2, "percent_covered": 100.0, "percent_covered_display": "100", "missing_lines": 0, "excluded_lines": 0, "percent_statements_covered": 100.0, "percent_statements_covered_display": "100"}, "missing_lines": [], "excluded_lines": [], "start_line": 63}, "": {"executed_lines": [5, 6, 7, 10, 63], "summary": {"covered_lines": 5, "num_statements": 5, "percent_covered": 100.0, "percent_covered_display": "100", "missing_lines": 0, "excluded_lines": 0, "percent_statements_covered": 100.0, "percent_statements_covered_display": "100"}, "missing_lines": [], "excluded_lines": [], "start_line": 1}}, "classes": {"": {"executed_lines": [5, 6, 7, 10, 29, 31, 32, 33, 37, 39, 41, 42, 43, 44, 47, 54, 55, 60, 63, 80, 81], "summary": {"covered_lines": 21, "num_statements": 22, "percent_covered": 95.45454545454545, "percent_covered_display": "95", "missing_lines": 1, "excluded_lines": 0, "percent_statements_covered": 95.45454545454545, "percent_statements_covered_display": "95"}, "missing_lines": [56], "excluded_lines": [], "start_line": 1}}}, "src\\api\\routes\\tagging.py": {"executed_lines": [], "summary": {"covered_lines": 0, "num_statements": 2, "percent_covered": 0.0, "percent_covered_display": "0", "missing_lines": 2, "excluded_lines": 0, "percent_statements_covered": 0.0, "percent_statements_covered_display": "0"}, "missing_lines": [4, 6], "excluded_lines": [], "functions": {"": {"executed_lines": [], "summary": {"covered_lines": 0, "num_statements": 2, "percent_covered": 0.0, "percent_covered_display": "0", "missing_lines": 2, "excluded_lines": 0, "percent_statements_covered": 0.0, "percent_statements_covered_display": "0"}, "missing_lines": [4, 6], "excluded_lines": [], "start_line": 1}}, "classes": {"": {"executed_lines": [], "summary": {"covered_lines": 0, "num_statements": 2, "percent_covered": 0.0, "percent_covered_display": "0", "missing_lines": 2, "excluded_lines": 0, "percent_statements_covered": 0.0, "percent_statements_covered_display": "0"}, "missing_lines": [4, 6], "excluded_lines": [], "start_line": 1}}}, "src\\api\\routes\\tagging\\__init__.py": {"executed_lines": [2, 4], "summary": {"covered_lines": 2, "num_statements": 2, "percent_covered": 100.0, "percent_covered_display": "100", "missing_lines": 0, "excluded_lines": 0, "percent_statements_covered": 100.0, "percent_statements_covered_display": "100"}, "missing_lines": [], "excluded_lines": [], "functions": {"": {"executed_lines": [2, 4], "summary": {"covered_lines": 2, "num_statements": 2, "percent_covered": 100.0, "percent_covered_display": "100", "missing_lines": 0, "excluded_lines": 0, "percent_statements_covered": 100.0, "percent_statements_covered_display": "100"}, "missing_lines": [], "excluded_lines": [], "start_line": 1}}, "classes": {"": {"executed_lines": [2, 4], "summary": {"covered_lines": 2, "num_statements": 2, "percent_covered": 100.0, "percent_covered_display": "100", "missing_lines": 0, "excluded_lines": 0, "percent_statements_covered": 100.0, "percent_statements_covered_display": "100"}, "missing_lines": [], "excluded_lines": [], "start_line": 1}}}, "src\\api\\routes\\tagging\\endpoints.py": {"executed_lines": [4, 5, 6, 7, 9, 10, 11, 12, 13, 14, 15, 16, 17, 23, 24, 27, 28, 30, 32, 35, 36, 44, 45, 46, 47, 49, 51, 53, 55, 56, 57, 60, 61, 67, 69, 72, 74, 76, 91, 92, 96, 97, 105, 106, 110, 112, 113, 116, 117, 118, 121, 124, 125, 126, 127, 130, 132, 134, 150, 151, 155, 156, 158, 160, 161, 164, 167, 170, 173, 176, 178, 180, 198, 199, 205, 206, 207, 208, 211, 212, 213, 214, 215, 220, 228, 237, 238, 253, 254, 258, 260, 261, 262, 268, 271, 274, 276, 278, 289, 290, 294, 295, 296, 297, 303, 304, 306, 308, 317, 318, 325, 326, 328, 336, 339, 341, 342, 343, 360], "summary": {"covered_lines": 119, "num_statements": 160, "percent_covered": 74.375, "percent_covered_display": "74", "missing_lines": 41, "excluded_lines": 0, "percent_statements_covered": 74.375, "percent_statements_covered_display": "74"}, "missing_lines": [54, 84, 85, 86, 87, 88, 143, 144, 145, 146, 147, 191, 192, 193, 194, 195, 225, 226, 230, 231, 232, 233, 234, 242, 280, 281, 282, 283, 284, 285, 286, 310, 311, 312, 313, 314, 369, 370, 371, 372, 373], "excluded_lines": [], "functions": {"generate_tag": {"executed_lines": [44, 45, 46, 47, 49, 51, 53, 55, 56, 57], "summary": {"covered_lines": 10, "num_statements": 11, "percent_covered": 90.9090909090909, "percent_covered_display": "91", "missing_lines": 1, "excluded_lines": 0, "percent_statements_covered": 90.9090909090909, "percent_statements_covered_display": "91"}, "missing_lines": [54], "excluded_lines": [], "start_line": 36}, "batch_generate_tags": {"executed_lines": [67, 69, 72, 74, 76], "summary": {"covered_lines": 5, "num_statements": 10, "percent_covered": 50.0, "percent_covered_display": "50", "missing_lines": 5, "excluded_lines": 0, "percent_statements_covered": 50.0, "percent_statements_covered_display": "50"}, "missing_lines": [84, 85, 86, 87, 88], "excluded_lines": [], "start_line": 61}, "get_tagging_progress_endpoint": {"executed_lines": [96, 97], "summary": {"covered_lines": 2, "num_statements": 2, "percent_covered": 100.0, "percent_covered_display": "100", "missing_lines": 0, "excluded_lines": 0, "percent_statements_covered": 100.0, "percent_statements_covered_display": "100"}, "missing_lines": [], "excluded_lines": [], "start_line": 92}, "sync_tags_to_db": {"executed_lines": [110, 112, 113, 116, 117, 118, 121, 124, 125, 126, 127, 130, 132, 134], "summary": {"covered_lines": 14, "num_statements": 19, "percent_covered": 73.6842105263158, "percent_covered_display": "74", "missing_lines": 5, "excluded_lines": 0, "percent_statements_covered": 73.6842105263158, "percent_statements_covered_display": "74"}, "missing_lines": [143, 144, 145, 146, 147], "excluded_lines": [], "start_line": 106}, "get_tagging_status": {"executed_lines": [155, 156, 158, 160, 161, 164, 167, 170, 173, 176, 178, 180], "summary": {"covered_lines": 12, "num_statements": 17, "percent_covered": 70.58823529411765, "percent_covered_display": "71", "missing_lines": 5, "excluded_lines": 0, "percent_statements_covered": 70.58823529411765, "percent_statements_covered_display": "71"}, "missing_lines": [191, 192, 193, 194, 195], "excluded_lines": [], "start_line": 151}, "preview_tagging": {"executed_lines": [205, 206, 207, 208, 211, 212, 213, 214, 215, 220, 228], "summary": {"covered_lines": 11, "num_statements": 18, "percent_covered": 61.111111111111114, "percent_covered_display": "61", "missing_lines": 7, "excluded_lines": 0, "percent_statements_covered": 61.111111111111114, "percent_statements_covered_display": "61"}, "missing_lines": [225, 226, 230, 231, 232, 233, 234], "excluded_lines": [], "start_line": 199}, "stream_progress": {"executed_lines": [], "summary": {"covered_lines": 0, "num_statements": 1, "percent_covered": 0.0, "percent_covered_display": "0", "missing_lines": 1, "excluded_lines": 0, "percent_statements_covered": 0.0, "percent_statements_covered_display": "0"}, "missing_lines": [242], "excluded_lines": [], "start_line": 238}, "start_tagging": {"executed_lines": [258, 260, 261, 262, 268, 271, 274, 276, 278], "summary": {"covered_lines": 9, "num_statements": 16, "percent_covered": 56.25, "percent_covered_display": "56", "missing_lines": 7, "excluded_lines": 0, "percent_statements_covered": 56.25, "percent_statements_covered_display": "56"}, "missing_lines": [280, 281, 282, 283, 284, 285, 286], "excluded_lines": [], "start_line": 254}, "stop_tagging": {"executed_lines": [294, 295, 296, 297, 303, 304, 306, 308], "summary": {"covered_lines": 8, "num_statements": 13, "percent_covered": 61.53846153846154, "percent_covered_display": "62", "missing_lines": 5, "excluded_lines": 0, "percent_statements_covered": 61.53846153846154, "percent_statements_covered_display": "62"}, "missing_lines": [310, 311, 312, 313, 314], "excluded_lines": [], "start_line": 290}, "get_tagging_history": {"executed_lines": [325, 326, 328, 336, 339, 341, 342, 343, 360], "summary": {"covered_lines": 9, "num_statements": 14, "percent_covered": 64.28571428571429, "percent_covered_display": "64", "missing_lines": 5, "excluded_lines": 0, "percent_statements_covered": 64.28571428571429, "percent_statements_covered_display": "64"}, "missing_lines": [369, 370, 371, 372, 373], "excluded_lines": [], "start_line": 318}, "": {"executed_lines": [4, 5, 6, 7, 9, 10, 11, 12, 13, 14, 15, 16, 17, 23, 24, 27, 28, 30, 32, 35, 36, 60, 61, 91, 92, 105, 106, 150, 151, 198, 199, 237, 238, 253, 254, 289, 290, 317, 318], "summary": {"covered_lines": 39, "num_statements": 39, "percent_covered": 100.0, "percent_covered_display": "100", "missing_lines": 0, "excluded_lines": 0, "percent_statements_covered": 100.0, "percent_statements_covered_display": "100"}, "missing_lines": [], "excluded_lines": [], "start_line": 1}}, "classes": {"": {"executed_lines": [4, 5, 6, 7, 9, 10, 11, 12, 13, 14, 15, 16, 17, 23, 24, 27, 28, 30, 32, 35, 36, 44, 45, 46, 47, 49, 51, 53, 55, 56, 57, 60, 61, 67, 69, 72, 74, 76, 91, 92, 96, 97, 105, 106, 110, 112, 113, 116, 117, 118, 121, 124, 125, 126, 127, 130, 132, 134, 150, 151, 155, 156, 158, 160, 161, 164, 167, 170, 173, 176, 178, 180, 198, 199, 205, 206, 207, 208, 211, 212, 213, 214, 215, 220, 228, 237, 238, 253, 254, 258, 260, 261, 262, 268, 271, 274, 276, 278, 289, 290, 294, 295, 296, 297, 303, 304, 306, 308, 317, 318, 325, 326, 328, 336, 339, 341, 342, 343, 360], "summary": {"covered_lines": 119, "num_statements": 160, "percent_covered": 74.375, "percent_covered_display": "74", "missing_lines": 41, "excluded_lines": 0, "percent_statements_covered": 74.375, "percent_statements_covered_display": "74"}, "missing_lines": [54, 84, 85, 86, 87, 88, 143, 144, 145, 146, 147, 191, 192, 193, 194, 195, 225, 226, 230, 231, 232, 233, 234, 242, 280, 281, 282, 283, 284, 285, 286, 310, 311, 312, 313, 314, 369, 370, 371, 372, 373], "excluded_lines": [], "start_line": 1}}}, "src\\api\\routes\\tagging\\models.py": {"executed_lines": [4, 5, 8, 10, 11, 12, 15, 17, 18, 19, 20, 21, 24, 26, 29, 31, 32, 33, 34], "summary": {"covered_lines": 19, "num_statements": 19, "percent_covered": 100.0, "percent_covered_display": "100", "missing_lines": 0, "excluded_lines": 0, "percent_statements_covered": 100.0, "percent_statements_covered_display": "100"}, "missing_lines": [], "excluded_lines": [], "functions": {"": {"executed_lines": [4, 5, 8, 10, 11, 12, 15, 17, 18, 19, 20, 21, 24, 26, 29, 31, 32, 33, 34], "summary": {"covered_lines": 19, "num_statements": 19, "percent_covered": 100.0, "percent_covered_display": "100", "missing_lines": 0, "excluded_lines": 0, "percent_statements_covered": 100.0, "percent_statements_covered_display": "100"}, "missing_lines": [], "excluded_lines": [], "start_line": 1}}, "classes": {"TagRequest": {"executed_lines": [], "summary": {"covered_lines": 0, "num_statements": 0, "percent_covered": 100.0, "percent_covered_display": "100", "missing_lines": 0, "excluded_lines": 0, "percent_statements_covered": 100.0, "percent_statements_covered_display": "100"}, "missing_lines": [], "excluded_lines": [], "start_line": 8}, "TagResponse": {"executed_lines": [], "summary": {"covered_lines": 0, "num_statements": 0, "percent_covered": 100.0, "percent_covered_display": "100", "missing_lines": 0, "excluded_lines": 0, "percent_statements_covered": 100.0, "percent_statements_covered_display": "100"}, "missing_lines": [], "excluded_lines": [], "start_line": 15}, "BatchTagRequest": {"executed_lines": [], "summary": {"covered_lines": 0, "num_statements": 0, "percent_covered": 100.0, "percent_covered_display": "100", "missing_lines": 0, "excluded_lines": 0, "percent_statements_covered": 100.0, "percent_statements_covered_display": "100"}, "missing_lines": [], "excluded_lines": [], "start_line": 24}, "TagProgressResponse": {"executed_lines": [], "summary": {"covered_lines": 0, "num_statements": 0, "percent_covered": 100.0, "percent_covered_display": "100", "missing_lines": 0, "excluded_lines": 0, "percent_statements_covered": 100.0, "percent_statements_covered_display": "100"}, "missing_lines": [], "excluded_lines": [], "start_line": 29}, "": {"executed_lines": [4, 5, 8, 10, 11, 12, 15, 17, 18, 19, 20, 21, 24, 26, 29, 31, 32, 33, 34], "summary": {"covered_lines": 19, "num_statements": 19, "percent_covered": 100.0, "percent_covered_display": "100", "missing_lines": 0, "excluded_lines": 0, "percent_statements_covered": 100.0, "percent_statements_covered_display": "100"}, "missing_lines": [], "excluded_lines": [], "start_line": 1}}}, "src\\api\\routes\\tagging_sse.py": {"executed_lines": [5, 6, 7, 8, 10, 13, 14, 16, 19, 26, 29, 40, 75, 85], "summary": {"covered_lines": 14, "num_statements": 45, "percent_covered": 31.11111111111111, "percent_covered_display": "31", "missing_lines": 31, "excluded_lines": 0, "percent_statements_covered": 31.11111111111111, "percent_statements_covered_display": "31"}, "missing_lines": [31, 32, 33, 34, 35, 36, 37, 46, 47, 49, 51, 54, 55, 56, 58, 60, 61, 64, 65, 66, 68, 69, 71, 72, 77, 87, 88, 89, 90, 91, 92], "excluded_lines": [], "functions": {"broadcast_progress": {"executed_lines": [], "summary": {"covered_lines": 0, "num_statements": 7, "percent_covered": 0.0, "percent_covered_display": "0", "missing_lines": 7, "excluded_lines": 0, "percent_statements_covered": 0.0, "percent_statements_covered_display": "0"}, "missing_lines": [31, 32, 33, 34, 35, 36, 37], "excluded_lines": [], "start_line": 29}, "event_generator": {"executed_lines": [], "summary": {"covered_lines": 0, "num_statements": 17, "percent_covered": 0.0, "percent_covered_display": "0", "missing_lines": 17, "excluded_lines": 0, "percent_statements_covered": 0.0, "percent_statements_covered_display": "0"}, "missing_lines": [46, 47, 49, 51, 54, 55, 56, 58, 60, 61, 64, 65, 66, 68, 69, 71, 72], "excluded_lines": [], "start_line": 40}, "get_tagging_progress": {"executed_lines": [], "summary": {"covered_lines": 0, "num_statements": 1, "percent_covered": 0.0, "percent_covered_display": "0", "missing_lines": 1, "excluded_lines": 0, "percent_statements_covered": 0.0, "percent_statements_covered_display": "0"}, "missing_lines": [77], "excluded_lines": [], "start_line": 75}, "update_tagging_progress": {"executed_lines": [], "summary": {"covered_lines": 0, "num_statements": 6, "percent_covered": 0.0, "percent_covered_display": "0", "missing_lines": 6, "excluded_lines": 0, "percent_statements_covered": 0.0, "percent_statements_covered_display": "0"}, "missing_lines": [87, 88, 89, 90, 91, 92], "excluded_lines": [], "start_line": 85}, "": {"executed_lines": [5, 6, 7, 8, 10, 13, 14, 16, 19, 26, 29, 40, 75, 85], "summary": {"covered_lines": 14, "num_statements": 14, "percent_covered": 100.0, "percent_covered_display": "100", "missing_lines": 0, "excluded_lines": 0, "percent_statements_covered": 100.0, "percent_statements_covered_display": "100"}, "missing_lines": [], "excluded_lines": [], "start_line": 1}}, "classes": {"": {"executed_lines": [5, 6, 7, 8, 10, 13, 14, 16, 19, 26, 29, 40, 75, 85], "summary": {"covered_lines": 14, "num_statements": 45, "percent_covered": 31.11111111111111, "percent_covered_display": "31", "missing_lines": 31, "excluded_lines": 0, "percent_statements_covered": 31.11111111111111, "percent_statements_covered_display": "31"}, "missing_lines": [31, 32, 33, 34, 35, 36, 37, 46, 47, 49, 51, 54, 55, 56, 58, 60, 61, 64, 65, 66, 68, 69, 71, 72, 77, 87, 88, 89, 90, 91, 92], "excluded_lines": [], "start_line": 1}}}, "src\\api\\routes\\tagging_tasks.py": {"executed_lines": [5, 6, 7, 9, 10, 11, 12, 13, 14, 15, 18, 19, 21, 24, 73], "summary": {"covered_lines": 15, "num_statements": 62, "percent_covered": 24.193548387096776, "percent_covered_display": "24", "missing_lines": 47, "excluded_lines": 0, "percent_statements_covered": 24.193548387096776, "percent_statements_covered_display": "24"}, "missing_lines": [28, 29, 30, 32, 33, 36, 39, 40, 41, 42, 45, 48, 49, 51, 52, 53, 54, 55, 58, 59, 60, 63, 64, 65, 67, 68, 69, 70, 80, 81, 83, 85, 86, 88, 89, 95, 97, 114, 117, 119, 120, 121, 123, 124, 126, 127, 128], "excluded_lines": [], "functions": {"run_tagging_task": {"executed_lines": [], "summary": {"covered_lines": 0, "num_statements": 28, "percent_covered": 0.0, "percent_covered_display": "0", "missing_lines": 28, "excluded_lines": 0, "percent_statements_covered": 0.0, "percent_statements_covered_display": "0"}, "missing_lines": [28, 29, 30, 32, 33, 36, 39, 40, 41, 42, 45, 48, 49, 51, 52, 53, 54, 55, 58, 59, 60, 63, 64, 65, 67, 68, 69, 70], "excluded_lines": [], "start_line": 24}, "process_batch_tags": {"executed_lines": [], "summary": {"covered_lines": 0, "num_statements": 19, "percent_covered": 0.0, "percent_covered_display": "0", "missing_lines": 19, "excluded_lines": 0, "percent_statements_covered": 0.0, "percent_statements_covered_display": "0"}, "missing_lines": [80, 81, 83, 85, 86, 88, 89, 95, 97, 114, 117, 119, 120, 121, 123, 124, 126, 127, 128], "excluded_lines": [], "start_line": 73}, "": {"executed_lines": [5, 6, 7, 9, 10, 11, 12, 13, 14, 15, 18, 19, 21, 24, 73], "summary": {"covered_lines": 15, "num_statements": 15, "percent_covered": 100.0, "percent_covered_display": "100", "missing_lines": 0, "excluded_lines": 0, "percent_statements_covered": 100.0, "percent_statements_covered_display": "100"}, "missing_lines": [], "excluded_lines": [], "start_line": 1}}, "classes": {"": {"executed_lines": [5, 6, 7, 9, 10, 11, 12, 13, 14, 15, 18, 19, 21, 24, 73], "summary": {"covered_lines": 15, "num_statements": 62, "percent_covered": 24.193548387096776, "percent_covered_display": "24", "missing_lines": 47, "excluded_lines": 0, "percent_statements_covered": 24.193548387096776, "percent_statements_covered_display": "24"}, "missing_lines": [28, 29, 30, 32, 33, 36, 39, 40, 41, 42, 45, 48, 49, 51, 52, 53, 54, 55, 58, 59, 60, 63, 64, 65, 67, 68, 69, 70, 80, 81, 83, 85, 86, 88, 89, 95, 97, 114, 117, 119, 120, 121, 123, 124, 126, 127, 128], "excluded_lines": [], "start_line": 1}}}, "src\\cli\\__init__.py": {"executed_lines": [5, 6, 7, 8, 10], "summary": {"covered_lines": 5, "num_statements": 5, "percent_covered": 100.0, "percent_covered_display": "100", "missing_lines": 0, "excluded_lines": 0, "percent_statements_covered": 100.0, "percent_statements_covered_display": "100"}, "missing_lines": [], "excluded_lines": [], "functions": {"": {"executed_lines": [5, 6, 7, 8, 10], "summary": {"covered_lines": 5, "num_statements": 5, "percent_covered": 100.0, "percent_covered_display": "100", "missing_lines": 0, "excluded_lines": 0, "percent_statements_covered": 100.0, "percent_statements_covered_display": "100"}, "missing_lines": [], "excluded_lines": [], "start_line": 1}}, "classes": {"": {"executed_lines": [5, 6, 7, 8, 10], "summary": {"covered_lines": 5, "num_statements": 5, "percent_covered": 100.0, "percent_covered_display": "100", "missing_lines": 0, "excluded_lines": 0, "percent_statements_covered": 100.0, "percent_statements_covered_display": "100"}, "missing_lines": [], "excluded_lines": [], "start_line": 1}}}, "src\\cli\\analyze_cli.py": {"executed_lines": [5, 6, 7, 9, 12, 15, 16, 18, 20, 21, 24, 25, 26, 27, 28, 29, 30, 33, 34, 35, 36, 37, 38, 39, 40, 42, 43, 46, 47, 48, 49, 50, 51, 53, 54, 57, 58, 59, 60, 61, 62, 64, 65, 67, 68, 69, 71, 72, 73], "summary": {"covered_lines": 49, "num_statements": 49, "percent_covered": 100.0, "percent_covered_display": "100", "missing_lines": 0, "excluded_lines": 0, "percent_statements_covered": 100.0, "percent_statements_covered_display": "100"}, "missing_lines": [], "excluded_lines": [], "functions": {"AnalyzeCLI.main": {"executed_lines": [18, 20, 21, 24, 25, 26, 27, 28, 29, 30, 33, 34, 35, 36, 37, 38, 39, 40, 42, 43, 46, 47, 48, 49, 50, 51, 53, 54, 57, 58, 59, 60, 61, 62, 64, 65, 67, 68, 69, 71, 72, 73], "summary": {"covered_lines": 42, "num_statements": 42, "percent_covered": 100.0, "percent_covered_display": "100", "missing_lines": 0, "excluded_lines": 0, "percent_statements_covered": 100.0, "percent_statements_covered_display": "100"}, "missing_lines": [], "excluded_lines": [], "start_line": 16}, "": {"executed_lines": [5, 6, 7, 9, 12, 15, 16], "summary": {"covered_lines": 7, "num_statements": 7, "percent_covered": 100.0, "percent_covered_display": "100", "missing_lines": 0, "excluded_lines": 0, "percent_statements_covered": 100.0, "percent_statements_covered_display": "100"}, "missing_lines": [], "excluded_lines": [], "start_line": 1}}, "classes": {"AnalyzeCLI": {"executed_lines": [18, 20, 21, 24, 25, 26, 27, 28, 29, 30, 33, 34, 35, 36, 37, 38, 39, 40, 42, 43, 46, 47, 48, 49, 50, 51, 53, 54, 57, 58, 59, 60, 61, 62, 64, 65, 67, 68, 69, 71, 72, 73], "summary": {"covered_lines": 42, "num_statements": 42, "percent_covered": 100.0, "percent_covered_display": "100", "missing_lines": 0, "excluded_lines": 0, "percent_statements_covered": 100.0, "percent_statements_covered_display": "100"}, "missing_lines": [], "excluded_lines": [], "start_line": 12}, "": {"executed_lines": [5, 6, 7, 9, 12, 15, 16], "summary": {"covered_lines": 7, "num_statements": 7, "percent_covered": 100.0, "percent_covered_display": "100", "missing_lines": 0, "excluded_lines": 0, "percent_statements_covered": 100.0, "percent_statements_covered_display": "100"}, "missing_lines": [], "excluded_lines": [], "start_line": 1}}}, "src\\cli\\query_cli.py": {"executed_lines": [5, 6, 7, 9, 12, 15, 16, 18, 20, 21, 24, 25, 26, 27, 30, 31, 33, 36, 39, 40, 41, 43, 44, 45, 46, 47, 49, 51, 52, 53], "summary": {"covered_lines": 30, "num_statements": 30, "percent_covered": 100.0, "percent_covered_display": "100", "missing_lines": 0, "excluded_lines": 0, "percent_statements_covered": 100.0, "percent_statements_covered_display": "100"}, "missing_lines": [], "excluded_lines": [], "functions": {"QueryCLI.main": {"executed_lines": [18, 20, 21, 24, 25, 26, 27, 30, 31, 33, 36, 39, 40, 41, 43, 44, 45, 46, 47, 49, 51, 52, 53], "summary": {"covered_lines": 23, "num_statements": 23, "percent_covered": 100.0, "percent_covered_display": "100", "missing_lines": 0, "excluded_lines": 0, "percent_statements_covered": 100.0, "percent_statements_covered_display": "100"}, "missing_lines": [], "excluded_lines": [], "start_line": 16}, "": {"executed_lines": [5, 6, 7, 9, 12, 15, 16], "summary": {"covered_lines": 7, "num_statements": 7, "percent_covered": 100.0, "percent_covered_display": "100", "missing_lines": 0, "excluded_lines": 0, "percent_statements_covered": 100.0, "percent_statements_covered_display": "100"}, "missing_lines": [], "excluded_lines": [], "start_line": 1}}, "classes": {"QueryCLI": {"executed_lines": [18, 20, 21, 24, 25, 26, 27, 30, 31, 33, 36, 39, 40, 41, 43, 44, 45, 46, 47, 49, 51, 52, 53], "summary": {"covered_lines": 23, "num_statements": 23, "percent_covered": 100.0, "percent_covered_display": "100", "missing_lines": 0, "excluded_lines": 0, "percent_statements_covered": 100.0, "percent_statements_covered_display": "100"}, "missing_lines": [], "excluded_lines": [], "start_line": 12}, "": {"executed_lines": [5, 6, 7, 9, 12, 15, 16], "summary": {"covered_lines": 7, "num_statements": 7, "percent_covered": 100.0, "percent_covered_display": "100", "missing_lines": 0, "excluded_lines": 0, "percent_statements_covered": 100.0, "percent_statements_covered_display": "100"}, "missing_lines": [], "excluded_lines": [], "start_line": 1}}}, "src\\cli\\recommend_cli.py": {"executed_lines": [5, 6, 7, 8, 9, 11, 14, 17, 18, 20, 22, 24, 25, 26, 28, 29, 30, 33, 34, 35, 38, 39, 40, 42, 43, 44, 46, 49, 50, 58, 59, 60, 62, 63, 64, 65, 66, 68, 70, 71, 72], "summary": {"covered_lines": 41, "num_statements": 41, "percent_covered": 100.0, "percent_covered_display": "100", "missing_lines": 0, "excluded_lines": 0, "percent_statements_covered": 100.0, "percent_statements_covered_display": "100"}, "missing_lines": [], "excluded_lines": [], "functions": {"RecommendCLI.main": {"executed_lines": [20, 22, 24, 25, 26, 28, 29, 30, 33, 34, 35, 38, 39, 40, 42, 43, 44, 46, 49, 50, 58, 59, 60, 62, 63, 64, 65, 66, 68, 70, 71, 72], "summary": {"covered_lines": 32, "num_statements": 32, "percent_covered": 100.0, "percent_covered_display": "100", "missing_lines": 0, "excluded_lines": 0, "percent_statements_covered": 100.0, "percent_statements_covered_display": "100"}, "missing_lines": [], "excluded_lines": [], "start_line": 18}, "": {"executed_lines": [5, 6, 7, 8, 9, 11, 14, 17, 18], "summary": {"covered_lines": 9, "num_statements": 9, "percent_covered": 100.0, "percent_covered_display": "100", "missing_lines": 0, "excluded_lines": 0, "percent_statements_covered": 100.0, "percent_statements_covered_display": "100"}, "missing_lines": [], "excluded_lines": [], "start_line": 1}}, "classes": {"RecommendCLI": {"executed_lines": [20, 22, 24, 25, 26, 28, 29, 30, 33, 34, 35, 38, 39, 40, 42, 43, 44, 46, 49, 50, 58, 59, 60, 62, 63, 64, 65, 66, 68, 70, 71, 72], "summary": {"covered_lines": 32, "num_statements": 32, "percent_covered": 100.0, "percent_covered_display": "100", "missing_lines": 0, "excluded_lines": 0, "percent_statements_covered": 100.0, "percent_statements_covered_display": "100"}, "missing_lines": [], "excluded_lines": [], "start_line": 14}, "": {"executed_lines": [5, 6, 7, 8, 9, 11, 14, 17, 18], "summary": {"covered_lines": 9, "num_statements": 9, "percent_covered": 100.0, "percent_covered_display": "100", "missing_lines": 0, "excluded_lines": 0, "percent_statements_covered": 100.0, "percent_statements_covered_display": "100"}, "missing_lines": [], "excluded_lines": [], "start_line": 1}}}, "src\\cli\\tagging_cli.py": {"executed_lines": [5, 6, 7, 8, 9, 11, 14, 17, 18, 20, 22, 23, 24, 26, 27, 28, 29, 30, 31, 33, 34, 35, 37, 38, 40, 42, 43, 44, 45, 47, 50, 51, 52, 57, 58, 59, 60, 61, 62, 64, 65], "summary": {"covered_lines": 41, "num_statements": 44, "percent_covered": 93.18181818181819, "percent_covered_display": "93", "missing_lines": 3, "excluded_lines": 0, "percent_statements_covered": 93.18181818181819, "percent_statements_covered_display": "93"}, "missing_lines": [67, 68, 69], "excluded_lines": [], "functions": {"TaggingCLI.main": {"executed_lines": [20, 22, 23, 24, 26, 27, 28, 29, 30, 31, 33, 34, 35], "summary": {"covered_lines": 13, "num_statements": 13, "percent_covered": 100.0, "percent_covered_display": "100", "missing_lines": 0, "excluded_lines": 0, "percent_statements_covered": 100.0, "percent_statements_covered_display": "100"}, "missing_lines": [], "excluded_lines": [], "start_line": 18}, "TaggingCLI.preview": {"executed_lines": [40, 42, 43, 44, 45, 47, 50, 51, 52, 57, 58, 59, 60, 61, 62, 64, 65], "summary": {"covered_lines": 17, "num_statements": 20, "percent_covered": 85.0, "percent_covered_display": "85", "missing_lines": 3, "excluded_lines": 0, "percent_statements_covered": 85.0, "percent_statements_covered_display": "85"}, "missing_lines": [67, 68, 69], "excluded_lines": [], "start_line": 38}, "": {"executed_lines": [5, 6, 7, 8, 9, 11, 14, 17, 18, 37, 38], "summary": {"covered_lines": 11, "num_statements": 11, "percent_covered": 100.0, "percent_covered_display": "100", "missing_lines": 0, "excluded_lines": 0, "percent_statements_covered": 100.0, "percent_statements_covered_display": "100"}, "missing_lines": [], "excluded_lines": [], "start_line": 1}}, "classes": {"TaggingCLI": {"executed_lines": [20, 22, 23, 24, 26, 27, 28, 29, 30, 31, 33, 34, 35, 40, 42, 43, 44, 45, 47, 50, 51, 52, 57, 58, 59, 60, 61, 62, 64, 65], "summary": {"covered_lines": 30, "num_statements": 33, "percent_covered": 90.9090909090909, "percent_covered_display": "91", "missing_lines": 3, "excluded_lines": 0, "percent_statements_covered": 90.9090909090909, "percent_statements_covered_display": "91"}, "missing_lines": [67, 68, 69], "excluded_lines": [], "start_line": 14}, "": {"executed_lines": [5, 6, 7, 8, 9, 11, 14, 17, 18, 37, 38], "summary": {"covered_lines": 11, "num_statements": 11, "percent_covered": 100.0, "percent_covered_display": "100", "missing_lines": 0, "excluded_lines": 0, "percent_statements_covered": 100.0, "percent_statements_covered_display": "100"}, "missing_lines": [], "excluded_lines": [], "start_line": 1}}}, "src\\core\\__init__.py": {"executed_lines": [], "summary": {"covered_lines": 0, "num_statements": 0, "percent_covered": 100.0, "percent_covered_display": "100", "missing_lines": 0, "excluded_lines": 0, "percent_statements_covered": 100.0, "percent_statements_covered_display": "100"}, "missing_lines": [], "excluded_lines": [], "functions": {"": {"executed_lines": [], "summary": {"covered_lines": 0, "num_statements": 0, "percent_covered": 100.0, "percent_covered_display": "100", "missing_lines": 0, "excluded_lines": 0, "percent_statements_covered": 100.0, "percent_statements_covered_display": "100"}, "missing_lines": [], "excluded_lines": [], "start_line": 1}}, "classes": {"": {"executed_lines": [], "summary": {"covered_lines": 0, "num_statements": 0, "percent_covered": 100.0, "percent_covered_display": "100", "missing_lines": 0, "excluded_lines": 0, "percent_statements_covered": 100.0, "percent_statements_covered_display": "100"}, "missing_lines": [], "excluded_lines": [], "start_line": 1}}}, "src\\core\\cache.py": {"executed_lines": [], "summary": {"covered_lines": 0, "num_statements": 78, "percent_covered": 0.0, "percent_covered_display": "0", "missing_lines": 78, "excluded_lines": 0, "percent_statements_covered": 0.0, "percent_statements_covered_display": "0"}, "missing_lines": [5, 6, 7, 8, 9, 11, 14, 17, 18, 19, 21, 23, 26, 29, 30, 31, 33, 43, 44, 46, 47, 48, 50, 51, 52, 54, 56, 65, 66, 68, 69, 71, 73, 80, 82, 84, 86, 93, 97, 98, 99, 101, 114, 116, 117, 119, 121, 122, 124, 127, 131, 134, 145, 146, 147, 149, 152, 153, 154, 157, 160, 162, 164, 165, 167, 170, 171, 172, 175, 178, 180, 183, 184, 185, 187, 189, 192, 202], "excluded_lines": [], "functions": {"CacheEntry.__init__": {"executed_lines": [], "summary": {"covered_lines": 0, "num_statements": 2, "percent_covered": 0.0, "percent_covered_display": "0", "missing_lines": 2, "excluded_lines": 0, "percent_statements_covered": 0.0, "percent_statements_covered_display": "0"}, "missing_lines": [18, 19], "excluded_lines": [], "start_line": 17}, "CacheEntry.is_expired": {"executed_lines": [], "summary": {"covered_lines": 0, "num_statements": 1, "percent_covered": 0.0, "percent_covered_display": "0", "missing_lines": 1, "excluded_lines": 0, "percent_statements_covered": 0.0, "percent_statements_covered_display": "0"}, "missin
[...]
_lines": [34, 35, 36, 37, 38, 39, 61, 62, 65, 68, 71, 72, 74, 75, 78, 85, 88, 90, 104, 105, 107, 110, 111, 114, 115, 116, 117, 120, 121, 122, 124, 136], "summary": {"covered_lines": 32, "num_statements": 32, "percent_covered": 100.0, "percent_covered_display": "100", "missing_lines": 0, "excluded_lines": 0, "percent_statements_covered": 100.0, "percent_statements_covered_display": "100"}, "missing_lines": [], "excluded_lines": [], "start_line": 15}, "": {"executed_lines": [5, 7, 8, 9, 10, 11, 12, 15, 18, 41, 126], "summary": {"covered_lines": 11, "num_statements": 11, "percent_covered": 100.0, "percent_covered_display": "100", "missing_lines": 0, "excluded_lines": 0, "percent_statements_covered": 100.0, "percent_statements_covered_display": "100"}, "missing_lines": [], "excluded_lines": [], "start_line": 1}}}, "src\\services\\recommend_similarity.py": {"executed_lines": [5, 6, 8, 9, 12, 15, 17, 18, 19, 21, 36, 37, 40, 41, 42, 43, 46, 47, 48, 51, 52, 53, 56, 57, 58, 61, 62, 63, 66, 74, 81, 83, 93, 94, 95, 96], "summary": {"covered_lines": 36, "num_statements": 36, "percent_covered": 100.0, "percent_covered_display": "100", "missing_lines": 0, "excluded_lines": 0, "percent_statements_covered": 100.0, "percent_statements_covered_display": "100"}, "missing_lines": [], "excluded_lines": [], "functions": {"SimilarityCalculator.__init__": {"executed_lines": [17, 18, 19], "summary": {"covered_lines": 3, "num_statements": 3, "percent_covered": 100.0, "percent_covered_display": "100", "missing_lines": 0, "excluded_lines": 0, "percent_statements_covered": 100.0, "percent_statements_covered_display": "100"}, "missing_lines": [], "excluded_lines": [], "start_line": 15}, "SimilarityCalculator.calculate_similarity": {"executed_lines": [36, 37, 40, 41, 42, 43, 46, 47, 48, 51, 52, 53, 56, 57, 58, 61, 62, 63, 66, 74, 81], "summary": {"covered_lines": 21, "num_statements": 21, "percent_covered": 100.0, "percent_covered_display": "100", "missing_lines": 0, "excluded_lines": 0, "percent_statements_covered": 100.0, "percent_statements_covered_display": "100"}, "missing_lines": [], "excluded_lines": [], "start_line": 21}, "SimilarityCalculator.apply_randomness": {"executed_lines": [93, 94, 95, 96], "summary": {"covered_lines": 4, "num_statements": 4, "percent_covered": 100.0, "percent_covered_display": "100", "missing_lines": 0, "excluded_lines": 0, "percent_statements_covered": 100.0, "percent_statements_covered_display": "100"}, "missing_lines": [], "excluded_lines": [], "start_line": 83}, "": {"executed_lines": [5, 6, 8, 9, 12, 15, 21, 83], "summary": {"covered_lines": 8, "num_statements": 8, "percent_covered": 100.0, "percent_covered_display": "100", "missing_lines": 0, "excluded_lines": 0, "percent_statements_covered": 100.0, "percent_statements_covered_display": "100"}, "missing_lines": [], "excluded_lines": [], "start_line": 1}}, "classes": {"SimilarityCalculator": {"executed_lines": [17, 18, 19, 36, 37, 40, 41, 42, 43, 46, 47, 48, 51, 52, 53, 56, 57, 58, 61, 62, 63, 66, 74, 81, 93, 94, 95, 96], "summary": {"covered_lines": 28, "num_statements": 28, "percent_covered": 100.0, "percent_covered_display": "100", "missing_lines": 0, "excluded_lines": 0, "percent_statements_covered": 100.0, "percent_statements_covered_display": "100"}, "missing_lines": [], "excluded_lines": [], "start_line": 12}, "": {"executed_lines": [5, 6, 8, 9, 12, 15, 21, 83], "summary": {"covered_lines": 8, "num_statements": 8, "percent_covered": 100.0, "percent_covered_display": "100", "missing_lines": 0, "excluded_lines": 0, "percent_statements_covered": 100.0, "percent_statements_covered_display": "100"}, "missing_lines": [], "excluded_lines": [], "start_line": 1}}}, "src\\services\\service_factory.py": {"executed_lines": [8, 9, 10, 16, 25, 28, 29, 40, 41, 42, 44, 45, 56, 57, 58, 59, 60, 62, 63, 74, 75, 77, 78, 88, 89, 91, 92, 103, 104, 105], "summary": {"covered_lines": 30, "num_statements": 30, "percent_covered": 100.0, "percent_covered_display": "100", "missing_lines": 0, "excluded_lines": 0, "percent_statements_covered": 100.0, "percent_statements_covered_display": "100"}, "missing_lines": [], "excluded_lines": [], "functions": {"ServiceFactory.create_tagging_service": {"executed_lines": [40, 41, 42], "summary": {"covered_lines": 3, "num_statements": 3, "percent_covered": 100.0, "percent_covered_display": "100", "missing_lines": 0, "excluded_lines": 0, "percent_statements_covered": 100.0, "percent_statements_covered_display": "100"}, "missing_lines": [], "excluded_lines": [], "start_line": 29}, "ServiceFactory.create_recommend_service": {"executed_lines": [56, 57, 58, 59, 60], "summary": {"covered_lines": 5, "num_statements": 5, "percent_covered": 100.0, "percent_covered_display": "100", "missing_lines": 0, "excluded_lines": 0, "percent_statements_covered": 100.0, "percent_statements_covered_display": "100"}, "missing_lines": [], "excluded_lines": [], "start_line": 45}, "ServiceFactory.create_query_service": {"executed_lines": [74, 75], "summary": {"covered_lines": 2, "num_statements": 2, "percent_covered": 100.0, "percent_covered_display": "100", "missing_lines": 0, "excluded_lines": 0, "percent_statements_covered": 100.0, "percent_statements_covered_display": "100"}, "missing_lines": [], "excluded_lines": [], "start_line": 63}, "ServiceFactory.create_analyze_service": {"executed_lines": [88, 89], "summary": {"covered_lines": 2, "num_statements": 2, "percent_covered": 100.0, "percent_covered_display": "100", "missing_lines": 0, "excluded_lines": 0, "percent_statements_covered": 100.0, "percent_statements_covered_display": "100"}, "missing_lines": [], "excluded_lines": [], "start_line": 78}, "ServiceFactory.create_profile_service": {"executed_lines": [103, 104, 105], "summary": {"covered_lines": 3, "num_statements": 3, "percent_covered": 100.0, "percent_covered_display": "100", "missing_lines": 0, "excluded_lines": 0, "percent_statements_covered": 100.0, "percent_statements_covered_display": "100"}, "missing_lines": [], "excluded_lines": [], "start_line": 92}, "": {"executed_lines": [8, 9, 10, 16, 25, 28, 29, 44, 45, 62, 63, 77, 78, 91, 92], "summary": {"covered_lines": 15, "num_statements": 15, "percent_covered": 100.0, "percent_covered_display": "100", "missing_lines": 0, "excluded_lines": 0, "percent_statements_covered": 100.0, "percent_statements_covered_display": "100"}, "missing_lines": [], "excluded_lines": [], "start_line": 1}}, "classes": {"ServiceFactory": {"executed_lines": [40, 41, 42, 56, 57, 58, 59, 60, 74, 75, 88, 89, 103, 104, 105], "summary": {"covered_lines": 15, "num_statements": 15, "percent_covered": 100.0, "percent_covered_display": "100", "missing_lines": 0, "excluded_lines": 0, "percent_statements_covered": 100.0, "percent_statements_covered_display": "100"}, "missing_lines": [], "excluded_lines": [], "start_line": 25}, "": {"executed_lines": [8, 9, 10, 16, 25, 28, 29, 44, 45, 62, 63, 77, 78, 91, 92], "summary": {"covered_lines": 15, "num_statements": 15, "percent_covered": 100.0, "percent_covered_display": "100", "missing_lines": 0, "excluded_lines": 0, "percent_statements_covered": 100.0, "percent_statements_covered_display": "100"}, "missing_lines": [], "excluded_lines": [], "start_line": 1}}}, "src\\services\\tagging_service.py": {"executed_lines": [5, 6, 8, 9, 10, 11, 13, 16, 19, 31, 32, 33, 35, 47, 49, 50, 52, 60, 70, 71, 72, 73, 78, 82, 83, 84, 89, 91, 99, 100, 103, 104, 105, 106, 109, 111, 112, 114, 115, 116, 123, 132, 133, 134, 135, 136, 138, 140, 148, 155, 156, 158], "summary": {"covered_lines": 52, "num_statements": 52, "percent_covered": 100.0, "percent_covered_display": "100", "missing_lines": 0, "excluded_lines": 0, "percent_statements_covered": 100.0, "percent_statements_covered_display": "100"}, "missing_lines": [], "excluded_lines": [], "functions": {"TaggingService.__init__": {"executed_lines": [31, 32, 33], "summary": {"covered_lines": 3, "num_statements": 3, "percent_covered": 100.0, "percent_covered_display": "100", "missing_lines": 0, "excluded_lines": 0, "percent_statements_covered": 100.0, "percent_statements_covered_display": "100"}, "missing_lines": [], "excluded_lines": [], "start_line": 19}, "TaggingService.generate_tag": {"executed_lines": [47, 49, 50, 52], "summary": {"covered_lines": 4, "num_statements": 4, "percent_covered": 100.0, "percent_covered_display": "100", "missing_lines": 0, "excluded_lines": 0, "percent_statements_covered": 100.0, "percent_statements_covered_display": "100"}, "missing_lines": [], "excluded_lines": [], "start_line": 35}, "TaggingService.batch_generate_tags": {"executed_lines": [70, 71, 72, 73, 78, 82, 83, 84, 89], "summary": {"covered_lines": 9, "num_statements": 9, "percent_covered": 100.0, "percent_covered_display": "100", "missing_lines": 0, "excluded_lines": 0, "percent_statements_covered": 100.0, "percent_statements_covered_display": "100"}, "missing_lines": [], "excluded_lines": [], "start_line": 60}, "TaggingService.process_all_songs": {"executed_lines": [99, 100, 103, 104, 105, 106, 109, 111, 112, 114, 115, 116, 123, 132, 133, 134, 135, 136, 138, 140], "summary": {"covered_lines": 20, "num_statements": 20, "percent_covered": 100.0, "percent_covered_display": "100", "missing_lines": 0, "excluded_lines": 0, "percent_statements_covered": 100.0, "percent_statements_covered_display": "100"}, "missing_lines": [], "excluded_lines": [], "start_line": 91}, "TaggingService.get_progress": {"executed_lines": [155, 156, 158], "summary": {"covered_lines": 3, "num_statements": 3, "percent_covered": 100.0, "percent_covered_display": "100", "missing_lines": 0, "excluded_lines": 0, "percent_statements_covered": 100.0, "percent_statements_covered_display": "100"}, "missing_lines": [], "excluded_lines": [], "start_line": 148}, "": {"executed_lines": [5, 6, 8, 9, 10, 11, 13, 16, 19, 35, 60, 91, 148], "summary": {"covered_lines": 13, "num_statements": 13, "percent_covered": 100.0, "percent_covered_display": "100", "missing_lines": 0, "excluded_lines": 0, "percent_statements_covered": 100.0, "percent_statements_covered_display": "100"}, "missing_lines": [], "excluded_lines": [], "start_line": 1}}, "classes": {"TaggingService": {"executed_lines": [31, 32, 33, 47, 49, 50, 52, 70, 71, 72, 73, 78, 82, 83, 84, 89, 99, 100, 103, 104, 105, 106, 109, 111, 112, 114, 115, 116, 123, 132, 133, 134, 135, 136, 138, 140, 155, 156, 158], "summary": {"covered_lines": 39, "num_statements": 39, "percent_covered": 100.0, "percent_covered_display": "100", "missing_lines": 0, "excluded_lines": 0, "percent_statements_covered": 100.0, "percent_statements_covered_display": "100"}, "missing_lines": [], "excluded_lines": [], "start_line": 16}, "": {"executed_lines": [5, 6, 8, 9, 10, 11, 13, 16, 19, 35, 60, 91, 148], "summary": {"covered_lines": 13, "num_statements": 13, "percent_covered": 100.0, "percent_covered_display": "100", "missing_lines": 0, "excluded_lines": 0, "percent_statements_covered": 100.0, "percent_statements_covered_display": "100"}, "missing_lines": [], "excluded_lines": [], "start_line": 1}}}, "src\\utils\\__init__.py": {"executed_lines": [], "summary": {"covered_lines": 0, "num_statements": 0, "percent_covered": 100.0, "percent_covered_display": "100", "missing_lines": 0, "excluded_lines": 0, "percent_statements_covered": 100.0, "percent_statements_covered_display": "100"}, "missing_lines": [], "excluded_lines": [], "functions": {"": {"executed_lines": [], "summary": {"covered_lines": 0, "num_statements": 0, "percent_covered": 100.0, "percent_covered_display": "100", "missing_lines": 0, "excluded_lines": 0, "percent_statements_covered": 100.0, "percent_statements_covered_display": "100"}, "missing_lines": [], "excluded_lines": [], "start_line": 1}}, "classes": {"": {"executed_lines": [], "summary": {"covered_lines": 0, "num_statements": 0, "percent_covered": 100.0, "percent_covered_display": "100", "missing_lines": 0, "excluded_lines": 0, "percent_statements_covered": 100.0, "percent_statements_covered_display": "100"}, "missing_lines": [], "excluded_lines": [], "start_line": 1}}}, "src\\utils\\common.py": {"executed_lines": [5, 6, 9, 11, 12, 14, 15, 18, 19, 20, 21, 23], "summary": {"covered_lines": 12, "num_statements": 12, "percent_covered": 100.0, "percent_covered_display": "100", "missing_lines": 0, "excluded_lines": 0, "percent_statements_covered": 100.0, "percent_statements_covered_display": "100"}, "missing_lines": [], "excluded_lines": [], "functions": {"setup_windows_encoding": {"executed_lines": [11, 12, 14, 15, 18, 19, 20, 21, 23], "summary": {"covered_lines": 9, "num_statements": 9, "percent_covered": 100.0, "percent_covered_display": "100", "missing_lines": 0, "excluded_lines": 0, "percent_statements_covered": 100.0, "percent_statements_covered_display": "100"}, "missing_lines": [], "excluded_lines": [], "start_line": 9}, "": {"executed_lines": [5, 6, 9], "summary": {"covered_lines": 3, "num_statements": 3, "percent_covered": 100.0, "percent_covered_display": "100", "missing_lines": 0, "excluded_lines": 0, "percent_statements_covered": 100.0, "percent_statements_covered_display": "100"}, "missing_lines": [], "excluded_lines": [], "start_line": 1}}, "classes": {"": {"executed_lines": [5, 6, 9, 11, 12, 14, 15, 18, 19, 20, 21, 23], "summary": {"covered_lines": 12, "num_statements": 12, "percent_covered": 100.0, "percent_covered_display": "100", "missing_lines": 0, "excluded_lines": 0, "percent_statements_covered": 100.0, "percent_statements_covered_display": "100"}, "missing_lines": [], "excluded_lines": [], "start_line": 1}}}, "src\\utils\\export.py": {"executed_lines": [], "summary": {"covered_lines": 0, "num_statements": 112, "percent_covered": 0.0, "percent_covered_display": "0", "missing_lines": 112, "excluded_lines": 0, "percent_statements_covered": 0.0, "percent_statements_covered_display": "0"}, "missing_lines": [5, 6, 7, 8, 9, 10, 11, 13, 14, 15, 16, 19, 22, 25, 27, 28, 30, 31, 33, 34, 35, 37, 38, 39, 42, 44, 61, 64, 65, 66, 72, 73, 76, 82, 83, 84, 86, 88, 105, 108, 111, 118, 119, 120, 126, 127, 130, 138, 139, 142, 148, 149, 150, 152, 154, 160, 163, 166, 176, 183, 192, 202, 203, 205, 208, 210, 211, 212, 214, 216, 219, 220, 221, 222, 224, 227, 228, 229, 230, 233, 234, 235, 236, 239, 240, 241, 242, 243, 244, 245, 248, 249, 250, 251, 252, 253, 254, 255, 256, 258, 259, 262, 263, 264, 265, 266, 267, 268, 269, 270, 271, 272], "excluded_lines": [], "functions": {"get_user_id": {"executed_lines": [], "summary": {"covered_lines": 0, "num_statements": 10, "percent_covered": 0.0, "percent_covered_display": "0", "missing_lines": 10, "excluded_lines": 0, "percent_statements_covered": 0.0, "percent_statements_covered_display": "0"}, "missing_lines": [27, 28, 30, 31, 33, 34, 35, 37, 38, 39], "excluded_lines": [], "start_line": 25}, "export_play_history": {"executed_lines": [], "summary": {"covered_lines": 0, "num_statements": 14, "percent_covered": 0.0, "percent_covered_display": "0", "missing_lines": 14, "excluded_lines": 0, "percent_statements_covered": 0.0, "percent_statements_covered_display": "0"}, "missing_lines": [44, 61, 64, 65, 66, 72, 73, 76, 82, 83, 84, 86, 88, 105], "excluded_lines": [], "start_line": 42}, "export_playlists": {"executed_lines": [], "summary": {"covered_lines": 0, "num_statements": 16, "percent_covered": 0.0, "percent_covered_display": "0", "missing_lines": 16, "excluded_lines": 0, "percent_statements_covered": 0.0, "percent_statements_covered_display": "0"}, "missing_lines": [111, 118, 119, 120, 126, 127, 130, 138, 139, 142, 148, 149, 150, 152, 154, 160], "excluded_lines": [], "start_line": 108}, "export_statistics": {"executed_lines": [], "summary": {"covered_lines": 0, "num_statements": 7, "percent_covered": 0.0, "percent_covered_display": "0", "missing_lines": 7, "excluded_lines": 0, "percent_statements_covered": 0.0, "percent_statements_covered_display": "0"}, "missing_lines": [166, 176, 183, 192, 202, 203, 205], "excluded_lines": [], "start_line": 163}, "main": {"executed_lines": [], "summary": {"covered_lines": 0, "num_statements": 36, "percent_covered": 0.0, "percent_covered_display": "0", "missing_lines": 36, "excluded_lines": 0, "percent_statements_covered": 0.0, "percent_statements_covered_display": "0"}, "missing_lines": [210, 211, 212, 214, 216, 219, 220, 221, 222, 224, 227, 228, 229, 230, 233, 234, 235, 236, 239, 240, 241, 242, 243, 244, 245, 248, 249, 250, 251, 252, 253, 254, 255, 256, 258, 259], "excluded_lines": [], "start_line": 208}, "": {"executed_lines": [], "summary": {"covered_lines": 0, "num_statements": 29, "percent_covered": 0.0, "percent_covered_display": "0", "missing_lines": 29, "excluded_lines": 0, "percent_statements_covered": 0.0, "percent_statements_covered_display": "0"}, "missing_lines": [5, 6, 7, 8, 9, 10, 11, 13, 14, 15, 16, 19, 22, 25, 42, 108, 163, 208, 262, 263, 264, 265, 266, 267, 268, 269, 270, 271, 272], "excluded_lines": [], "start_line": 1}}, "classes": {"": {"executed_lines": [], "summary": {"covered_lines": 0, "num_statements": 112, "percent_covered": 0.0, "percent_covered_display": "0", "missing_lines": 112, "excluded_lines": 0, "percent_statements_covered": 0.0, "percent_statements_covered_display": "0"}, "missing_lines": [5, 6, 7, 8, 9, 10, 11, 13, 14, 15, 16, 19, 22, 25, 27, 28, 30, 31, 33, 34, 35, 37, 38, 39, 42, 44, 61, 64, 65, 66, 72, 73, 76, 82, 83, 84, 86, 88, 105, 108, 111, 118, 119, 120, 126, 127, 130, 138, 139, 142, 148, 149, 150, 152, 154, 160, 163, 166, 176, 183, 192, 202, 203, 205, 208, 210, 211, 212, 214, 216, 219, 220, 221, 222, 224, 227, 228, 229, 230, 233, 234, 235, 236, 239, 240, 241, 242, 243, 244, 245, 248, 249, 250, 251, 252, 253, 254, 255, 256, 258, 259, 262, 263, 264, 265, 266, 267, 268, 269, 270, 271, 272], "excluded_lines": [], "start_line": 1}}}, "src\\utils\\logger.py": {"executed_lines": [5, 6, 7, 8, 10, 13, 31, 32, 35, 36, 39, 45, 46, 47, 48, 51, 53, 55, 56, 57, 59, 60, 61, 62, 64, 67], "summary": {"covered_lines": 26, "num_statements": 27, "percent_covered": 96.29629629629629, "percent_covered_display": "96", "missing_lines": 1, "excluded_lines": 0, "percent_statements_covered": 96.29629629629629, "percent_statements_covered_display": "96"}, "missing_lines": [77], "excluded_lines": [], "functions": {"setup_logger": {"executed_lines": [31, 32, 35, 36, 39, 45, 46, 47, 48, 51, 53, 55, 56, 57, 59, 60, 61, 62, 64], "summary": {"covered_lines": 19, "num_statements": 19, "percent_covered": 100.0, "percent_covered_display": "100", "missing_lines": 0, "excluded_lines": 0, "percent_statements_covered": 100.0, "percent_statements_covered_display": "100"}, "missing_lines": [], "excluded_lines": [], "start_line": 13}, "get_logger": {"executed_lines": [], "summary": {"covered_lines": 0, "num_statements": 1, "percent_covered": 0.0, "percent_covered_display": "0", "missing_lines": 1, "excluded_lines": 0, "percent_statements_covered": 0.0, "percent_statements_covered_display": "0"}, "missing_lines": [77], "excluded_lines": [], "start_line": 67}, "": {"executed_lines": [5, 6, 7, 8, 10, 13, 67], "summary": {"covered_lines": 7, "num_statements": 7, "percent_covered": 100.0, "percent_covered_display": "100", "missing_lines": 0, "excluded_lines": 0, "percent_statements_covered": 100.0, "percent_statements_covered_display": "100"}, "missing_lines": [], "excluded_lines": [], "start_line": 1}}, "classes": {"": {"executed_lines": [5, 6, 7, 8, 10, 13, 31, 32, 35, 36, 39, 45, 46, 47, 48, 51, 53, 55, 56, 57, 59, 60, 61, 62, 64, 67], "summary": {"covered_lines": 26, "num_statements": 27, "percent_covered": 96.29629629629629, "percent_covered_display": "96", "missing_lines": 1, "excluded_lines": 0, "percent_statements_covered": 96.29629629629629, "percent_statements_covered_display": "96"}, "missing_lines": [77], "excluded_lines": [], "start_line": 1}}}}, "totals": {"covered_lines": 1461, "num_statements": 2496, "percent_covered": 58.53365384615385, "percent_covered_display": "59", "missing_lines": 1035, "excluded_lines": 0, "percent_statements_covered": 58.53365384615385, "percent_statements_covered_display": "59"}}